;  LST file generated by mikroListExporter - v.2.0 
; Date/Time: 25/11/2025 15:47:40
;----------------------------------------------

;Address Opcode 	ASM
0x0000	0x0203C9  	LJMP 969
0x0003	0x0203AB  	LJMP 939
0x0006	0x00      	NOP
0x0007	0x00      	NOP
0x0008	0x00      	NOP
0x0009	0x00      	NOP
0x000A	0x00      	NOP
0x000B	0x020000  	LJMP 0
0x000E	0x00      	NOP
0x000F	0x00      	NOP
0x0010	0x00      	NOP
0x0011	0x00      	NOP
0x0012	0x00      	NOP
0x0013	0x020000  	LJMP 0
0x0016	0x00      	NOP
0x0017	0x00      	NOP
0x0018	0x00      	NOP
0x0019	0x00      	NOP
0x001A	0x00      	NOP
0x001B	0x02037A  	LJMP 890
0x001E	0x00      	NOP
0x001F	0x00      	NOP
0x0020	0x00      	NOP
0x0021	0x00      	NOP
0x0022	0x00      	NOP
0x0023	0x020000  	LJMP 0
_isdigit:
;__Lib_CType.c,23 :: 		
;__Lib_CType.c,24 :: 		
0x0026	0xD3      	SETB C
0x0027	0xE51F    	MOV A, FARG_isdigit_character
0x0029	0x9439    	SUBB A, #57
0x002B	0x500B    	JNC L_isdigit9
0x002D	0xC3      	CLR C
0x002E	0xE51F    	MOV A, FARG_isdigit_character
0x0030	0x9430    	SUBB A, #48
0x0032	0x4004    	JC L_isdigit9
0x0034	0x7801    	MOV R0, #1
0x0036	0x8002    	SJMP L_isdigit8
L_isdigit9:
0x0038	0x7800    	MOV R0, #0
L_isdigit8:
;__Lib_CType.c,25 :: 		
0x003A	0x22      	RET
; end of _isdigit
_outcw:
;Drv.c,93 :: 		void outcw(unsigned char c){
;Drv.c,96 :: 		RS = 0;
0x003B	0xC3      	CLR C
0x003C	0xE5B0    	MOV A, P3_6_bit
0x003E	0x92E6    	MOV #224.B6, C
0x0040	0xF5B0    	MOV P3_6_bit, A
;Drv.c,97 :: 		DB = c;
0x0042	0x851FA0  	MOV P2, FARG_outcw_c+0
;Drv.c,98 :: 		E = 1;
0x0045	0xD3      	SETB C
0x0046	0xE5B0    	MOV A, P3_7_bit
0x0048	0x92E7    	MOV #224.B7, C
0x004A	0xF5B0    	MOV P3_7_bit, A
;Drv.c,99 :: 		E = 2;
0x004C	0xC3      	CLR C
0x004D	0xE5B0    	MOV A, P3_7_bit
0x004F	0x92E7    	MOV #224.B7, C
0x0051	0xF5B0    	MOV P3_7_bit, A
;Drv.c,100 :: 		for (i=0; i<20; i++);
0x0053	0x752000  	MOV outcw_i_L0, #0
L_outcw33:
0x0056	0xC3      	CLR C
0x0057	0xE520    	MOV A, outcw_i_L0
0x0059	0x9414    	SUBB A, #20
0x005B	0x5004    	JNC L_outcw34
0x005D	0x0520    	INC outcw_i_L0
0x005F	0x80F5    	SJMP L_outcw33
L_outcw34:
;Drv.c,101 :: 		if (c==1||c==2||c==3)
0x0061	0xE51F    	MOV A, FARG_outcw_c
0x0063	0x6401    	XRL A, #1
0x0065	0x600E    	JZ L__outcw45
0x0067	0xE51F    	MOV A, FARG_outcw_c
0x0069	0x6402    	XRL A, #2
0x006B	0x6008    	JZ L__outcw45
0x006D	0xE51F    	MOV A, FARG_outcw_c
0x006F	0x6403    	XRL A, #3
0x0071	0x6002    	JZ L__outcw45
0x0073	0x801F    	SJMP L_outcw38
L__outcw45:
;Drv.c,102 :: 		for (j=0; j<500; j++);
0x0075	0x752100  	MOV outcw_j_L0, #0
0x0078	0x752200  	MOV outcw_j_L0+1, #0
L_outcw39:
0x007B	0xC3      	CLR C
0x007C	0xE521    	MOV A, outcw_j_L0
0x007E	0x94F4    	SUBB A, #244
0x0080	0xE522    	MOV A, outcw_j_L0+1
0x0082	0x9401    	SUBB A, #1
0x0084	0x500E    	JNC L_outcw40
0x0086	0x7401    	MOV A, #1
0x0088	0x2521    	ADD A, outcw_j_L0
0x008A	0xF521    	MOV outcw_j_L0, A
0x008C	0x7400    	MOV A, #0
0x008E	0x3522    	ADDC A, outcw_j_L0+1
0x0090	0xF522    	MOV outcw_j_L0+1, A
0x0092	0x80E7    	SJMP L_outcw39
L_outcw40:
L_outcw38:
;Drv.c,103 :: 		}
0x0094	0x22      	RET
; end of _outcw
_DelayMs:
;Calc2.c,237 :: 		void DelayMs(unsigned int m){  // задержка по таймеру
;Calc2.c,240 :: 		ms=0;
0x0095	0x753400  	MOV _ms, #0
0x0098	0x753500  	MOV _ms+1, #0
;Calc2.c,241 :: 		WMCON.WDTRST=1; // сброс сторожевого таймера
0x009B	0xD3      	SETB C
0x009C	0xE596    	MOV A, WMCON
0x009E	0x92E1    	MOV #224.B1, C
0x00A0	0xF596    	MOV WMCON, A
;Calc2.c,242 :: 		while(ms!=m) continue;
L_DelayMs72:
0x00A2	0xE534    	MOV A, _ms
0x00A4	0x651F    	XRL A, FARG_DelayMs_m
0x00A6	0x7004    	JNZ L__DelayMs82
0x00A8	0xE535    	MOV A, _ms+1
0x00AA	0x6520    	XRL A, FARG_DelayMs_m+1
L__DelayMs82:
0x00AC	0x6002    	JZ L_DelayMs73
0x00AE	0x80F2    	SJMP L_DelayMs72
L_DelayMs73:
;Calc2.c,243 :: 		}
0x00B0	0x22      	RET
; end of _DelayMs
_Div_16x16_U:
;__Lib_Math.c,273 :: 		
;__Lib_Math.c,275 :: 		
0x00B1	0xBD000B  	CJNE R5, 0, __op2hi_not_zero
;__Lib_Math.c,276 :: 		
0x00B4	0xB90029  	CJNE R1, 0, __op1hi_not_zero
;__Lib_Math.c,277 :: 		
0x00B7	0xE8      	MOV A, R0
;__Lib_Math.c,278 :: 		
0x00B8	0x8CF0    	MOV B, R4
;__Lib_Math.c,279 :: 		
0x00BA	0x84      	DIV AB
;__Lib_Math.c,280 :: 		
0x00BB	0xF8      	MOV R0, A
;__Lib_Math.c,281 :: 		
0x00BC	0xACF0    	MOV R4, B
;__Lib_Math.c,282 :: 		
0x00BE	0x22      	RET
;__Lib_Math.c,284 :: 		
__op2hi_not_zero:
;__Lib_Math.c,285 :: 		
0x00BF	0xE4      	CLR A
;__Lib_Math.c,286 :: 		
0x00C0	0xCD      	XCH A, R5
;__Lib_Math.c,287 :: 		
0x00C1	0xFF      	MOV R7, A
;__Lib_Math.c,288 :: 		
0x00C2	0x75F008  	MOV B, 8
;__Lib_Math.c,290 :: 		
__Div_16x16_U_Loop1:
;__Lib_Math.c,291 :: 		
0x00C5	0xE8      	MOV A, R0
;__Lib_Math.c,292 :: 		
0x00C6	0x28      	ADD A, R0
;__Lib_Math.c,293 :: 		
0x00C7	0xF8      	MOV R0, A
;__Lib_Math.c,294 :: 		
0x00C8	0xE9      	MOV A, R1
;__Lib_Math.c,295 :: 		
0x00C9	0x33      	RLC A
;__Lib_Math.c,296 :: 		
0x00CA	0xF9      	MOV R1, A
;__Lib_Math.c,297 :: 		
0x00CB	0xED      	MOV A, R5
;__Lib_Math.c,298 :: 		
0x00CC	0x33      	RLC A
;__Lib_Math.c,299 :: 		
0x00CD	0xFD      	MOV R5, A
;__Lib_Math.c,300 :: 		
0x00CE	0xE9      	MOV A, R1
;__Lib_Math.c,301 :: 		
0x00CF	0x9C      	SUBB A, R4
;__Lib_Math.c,302 :: 		
0x00D0	0xED      	MOV A, R5
;__Lib_Math.c,303 :: 		
0x00D1	0x9F      	SUBB A, R7
;__Lib_Math.c,304 :: 		
0x00D2	0x4005    	JC __Div_16x16_U_Lab1
;__Lib_Math.c,305 :: 		
0x00D4	0xFD      	MOV R5, A
;__Lib_Math.c,306 :: 		
0x00D5	0xE9      	MOV A, R1
;__Lib_Math.c,307 :: 		
0x00D6	0x9C      	SUBB A, R4
;__Lib_Math.c,308 :: 		
0x00D7	0xF9      	MOV R1, A
;__Lib_Math.c,309 :: 		
0x00D8	0x08      	INC R0
;__Lib_Math.c,311 :: 		
__Div_16x16_U_Lab1:
;__Lib_Math.c,312 :: 		
0x00D9	0xD5F0E9  	DJNZ B, __Div_16x16_U_Loop1
;__Lib_Math.c,313 :: 		
0x00DC	0xE4      	CLR A
;__Lib_Math.c,314 :: 		
0x00DD	0xC9      	XCH A, R1
;__Lib_Math.c,315 :: 		
0x00DE	0xFC      	MOV R4, A
;__Lib_Math.c,316 :: 		
0x00DF	0x22      	RET
;__Lib_Math.c,318 :: 		
__op1hi_not_zero:
;__Lib_Math.c,319 :: 		
0x00E0	0xEC      	MOV A, R4
;__Lib_Math.c,320 :: 		
0x00E1	0xFF      	MOV R7, A
;__Lib_Math.c,321 :: 		
0x00E2	0xF5F0    	MOV B, A
;__Lib_Math.c,322 :: 		
0x00E4	0xE9      	MOV A, R1
;__Lib_Math.c,323 :: 		
0x00E5	0x84      	DIV AB
;__Lib_Math.c,324 :: 		
0x00E6	0x20D21C  	JB OV_bit, __Div_16x16_U_div_ret
;__Lib_Math.c,325 :: 		
0x00E9	0xF9      	MOV R1, A
;__Lib_Math.c,326 :: 		
0x00EA	0xACF0    	MOV R4, B
;__Lib_Math.c,327 :: 		
0x00EC	0x75F008  	MOV B, 8
;__Lib_Math.c,329 :: 		
__Div_16x16_U_Loop2:
;__Lib_Math.c,330 :: 		
0x00EF	0xE8      	MOV A, R0
;__Lib_Math.c,331 :: 		
0x00F0	0x28      	ADD A, R0
;__Lib_Math.c,332 :: 		
0x00F1	0xF8      	MOV R0, A
;__Lib_Math.c,333 :: 		
0x00F2	0xEC      	MOV A, R4
;__Lib_Math.c,334 :: 		
0x00F3	0x33      	RLC A
;__Lib_Math.c,335 :: 		
0x00F4	0xFC      	MOV R4, A
;__Lib_Math.c,336 :: 		
0x00F5	0x4007    	JC __Div_16x16_U_Lab2
;__Lib_Math.c,337 :: 		
0x00F7	0x9F      	SUBB A, R7
;__Lib_Math.c,338 :: 		
0x00F8	0x5006    	JNC __Div_16x16_U_Lab3
;__Lib_Math.c,339 :: 		
0x00FA	0xD5F0F2  	DJNZ B, __Div_16x16_U_Loop2
;__Lib_Math.c,340 :: 		
0x00FD	0x22      	RET
;__Lib_Math.c,342 :: 		
__Div_16x16_U_Lab2:
;__Lib_Math.c,343 :: 		
0x00FE	0xC3      	CLR C
;__Lib_Math.c,344 :: 		
0x00FF	0x9F      	SUBB A, R7
;__Lib_Math.c,345 :: 		
__Div_16x16_U_Lab3:
;__Lib_Math.c,346 :: 		
0x0100	0xFC      	MOV R4, A
;__Lib_Math.c,347 :: 		
0x0101	0x08      	INC R0
;__Lib_Math.c,348 :: 		
0x0102	0xD5F0EA  	DJNZ B, __Div_16x16_U_Loop2
;__Lib_Math.c,350 :: 		
__Div_16x16_U_div_ret:
;__Lib_Math.c,352 :: 		
0x0105	0x22      	RET
; end of _Div_16x16_U
_outd:
;Drv.c,105 :: 		void outd(unsigned char c){
;Drv.c,107 :: 		RS = 1;
0x0106	0xD3      	SETB C
0x0107	0xE5B0    	MOV A, P3_6_bit
0x0109	0x92E6    	MOV #224.B6, C
0x010B	0xF5B0    	MOV P3_6_bit, A
;Drv.c,108 :: 		DB = c;
0x010D	0x851FA0  	MOV P2, FARG_outd_c+0
;Drv.c,109 :: 		E = 1;
0x0110	0xD3      	SETB C
0x0111	0xE5B0    	MOV A, P3_7_bit
0x0113	0x92E7    	MOV #224.B7, C
0x0115	0xF5B0    	MOV P3_7_bit, A
;Drv.c,110 :: 		E = 2;
0x0117	0xC3      	CLR C
0x0118	0xE5B0    	MOV A, P3_7_bit
0x011A	0x92E7    	MOV #224.B7, C
0x011C	0xF5B0    	MOV P3_7_bit, A
;Drv.c,111 :: 		for (i=0; i<21; i++);
0x011E	0x752000  	MOV outd_i_L0, #0
L_outd42:
0x0121	0xC3      	CLR C
0x0122	0xE520    	MOV A, outd_i_L0
0x0124	0x9415    	SUBB A, #21
0x0126	0x5004    	JNC L_outd43
0x0128	0x0520    	INC outd_i_L0
0x012A	0x80F5    	SJMP L_outd42
L_outd43:
;Drv.c,112 :: 		}
0x012C	0x22      	RET
; end of _outd
_Mul_16x16:
;__Lib_Math.c,112 :: 		
;__Lib_Math.c,114 :: 		
0x012D	0xE8      	MOV A, R0
;__Lib_Math.c,115 :: 		
0x012E	0x8CF0    	MOV B, R4
;__Lib_Math.c,116 :: 		
0x0130	0xA4      	MUL AB
;__Lib_Math.c,117 :: 		
0x0131	0xAFF0    	MOV R7, B
;__Lib_Math.c,118 :: 		
0x0133	0xC8      	XCH A, R0
;__Lib_Math.c,119 :: 		
0x0134	0x8DF0    	MOV B, R5
;__Lib_Math.c,120 :: 		
0x0136	0xA4      	MUL AB
;__Lib_Math.c,121 :: 		
0x0137	0x2F      	ADD A, R7
;__Lib_Math.c,122 :: 		
0x0138	0xC9      	XCH A, R1
;__Lib_Math.c,123 :: 		
0x0139	0x8CF0    	MOV B, R4
;__Lib_Math.c,124 :: 		
0x013B	0xA4      	MUL AB
;__Lib_Math.c,125 :: 		
0x013C	0x29      	ADD A, R1
;__Lib_Math.c,126 :: 		
0x013D	0xF9      	MOV R1, A
;__Lib_Math.c,128 :: 		
0x013E	0x22      	RET
; end of _Mul_16x16
___CC2D:
;__Lib_System.c,13 :: 		
;__Lib_System.c,15 :: 		
_CC2D_Loop1:
;__Lib_System.c,16 :: 		
0x013F	0xE4      	CLR A
;__Lib_System.c,17 :: 		
0x0140	0x93      	MOVC A, @A+DPTR
;__Lib_System.c,18 :: 		
0x0141	0xF6      	MOV @R0, A
;__Lib_System.c,19 :: 		
0x0142	0x08      	INC R0
;__Lib_System.c,20 :: 		
0x0143	0xA3      	INC DPTR
;__Lib_System.c,21 :: 		
0x0144	0xD9F9    	DJNZ R1, _CC2D_Loop1
;__Lib_System.c,23 :: 		
0x0146	0x22      	RET
; end of ___CC2D
_init:
;Drv.c,5 :: 		void init(void){
;Drv.c,9 :: 		WMCON = 0b11111001;  // Enable WatchDog Timer, set prescaller bits to 111
0x0147	0x7596F9  	MOV WMCON, #249
;Drv.c,12 :: 		WMCON|=0x08;  // internal EEPROM enable
0x014A	0x439608  	ORL WMCON, #8
;Drv.c,13 :: 		WMCON&=0xfb;  // DPTR = DP0
0x014D	0x5396FB  	ANL WMCON, #251
;Drv.c,16 :: 		PCON |= 0x80;        // SMOD=1
0x0150	0x438780  	ORL PCON, #128
;Drv.c,17 :: 		SCON = 0x72;        // mode 1, receiver enable
0x0153	0x759872  	MOV SCON, #114
;Drv.c,18 :: 		TMOD = 0x22;        //Timers 0&1 are 8-bit timers with auto-reload
0x0156	0x758922  	MOV TMOD, #34
;Drv.c,19 :: 		TH1   = 0xF5;        // 9600 baud at 20 MHz
0x0159	0x758DF5  	MOV TH1, #245
;Drv.c,20 :: 		ES_bit = 0;
0x015C	0xC2AC    	CLR ES_bit
;Drv.c,23 :: 		TF1_bit = 0;       // Ensure that Timer1 interrupt flag is cleared
0x015E	0xC28F    	CLR TF1_bit
;Drv.c,24 :: 		ET1_bit = 1;       // Enable Timer1 interrupt
0x0160	0xD2AB    	SETB ET1_bit
;Drv.c,25 :: 		EA_bit  = 1;       // Set global interrupt enable
0x0162	0xD2AF    	SETB EA_bit
;Drv.c,27 :: 		GATE1_bit = 0;     // Clear this flag to enable Timer1 whenever TR1 bit is set.
0x0164	0xC3      	CLR C
0x0165	0xE589    	MOV A, GATE1_bit
0x0167	0x92E7    	MOV #224.B7, C
0x0169	0xF589    	MOV GATE1_bit, A
;Drv.c,28 :: 		C_T1_bit  = 0;     // Set Timer operation: Timer1 counts the divided-down systam clock.
0x016B	0xC3      	CLR C
0x016C	0xE589    	MOV A, C_T1_bit
0x016E	0x92E6    	MOV #224.B6, C
0x0170	0xF589    	MOV C_T1_bit, A
;Drv.c,29 :: 		M11_bit   = 0;     // M11_M01 = 01    =>   Mode 1(16-bit Timer/Counter)
0x0172	0xC3      	CLR C
0x0173	0xE589    	MOV A, M11_bit
0x0175	0x92E5    	MOV #224.B5, C
0x0177	0xF589    	MOV M11_bit, A
;Drv.c,30 :: 		M01_bit   = 1;
0x0179	0xD3      	SETB C
0x017A	0xE589    	MOV A, M01_bit
0x017C	0x92E4    	MOV #224.B4, C
0x017E	0xF589    	MOV M01_bit, A
;Drv.c,32 :: 		TR1_bit = 0;       // Turn off Timer1
0x0180	0xC28E    	CLR TR1_bit
;Drv.c,33 :: 		TH1 = 0xFC;        // Reset Timer1 high byte  65536-1000
0x0182	0x758DFC  	MOV TH1, #252
;Drv.c,34 :: 		TL1 = 0x18;        // Reset Timer1 low byte
0x0185	0x758B18  	MOV TL1, #24
;Drv.c,35 :: 		TR1_bit = 1;       // Run Timer1
0x0188	0xD28E    	SETB TR1_bit
;Drv.c,39 :: 		P3=0xff;
0x018A	0x75B0FF  	MOV P3, #255
;Drv.c,40 :: 		EX0_bit = 1;
0x018D	0xD2A8    	SETB EX0_bit
;Drv.c,41 :: 		EX1_bit = 1;
0x018F	0xD2AA    	SETB EX1_bit
;Drv.c,44 :: 		DelayMs(30);
0x0191	0x751F1E  	MOV FARG_DelayMs_m, #30
0x0194	0x752000  	MOV FARG_DelayMs_m+1, #0
0x0197	0x1195    	ACALL _DelayMs
;Drv.c,45 :: 		RW = 0;
0x0199	0xC3      	CLR C
0x019A	0xE5B0    	MOV A, P3_5_bit
0x019C	0x92E5    	MOV #224.B5, C
0x019E	0xF5B0    	MOV P3_5_bit, A
;Drv.c,46 :: 		outcw(0x3C);
0x01A0	0x751F3C  	MOV FARG_outcw_c, #60
0x01A3	0x113B    	ACALL _outcw
;Drv.c,47 :: 		outcw(0x0C);
0x01A5	0x751F0C  	MOV FARG_outcw_c, #12
0x01A8	0x113B    	ACALL _outcw
;Drv.c,48 :: 		outcw(0x01);
0x01AA	0x751F01  	MOV FARG_outcw_c, #1
0x01AD	0x113B    	ACALL _outcw
;Drv.c,49 :: 		outcw(0x06);
0x01AF	0x751F06  	MOV FARG_outcw_c, #6
0x01B2	0x113B    	ACALL _outcw
;Drv.c,50 :: 		outcw(0x40);
0x01B4	0x751F40  	MOV FARG_outcw_c, #64
0x01B7	0x113B    	ACALL _outcw
;Drv.c,51 :: 		for(i=0;i<8;i++) outd(0);
0x01B9	0x751800  	MOV init_i_L0, #0
L_init0:
0x01BC	0xC3      	CLR C
0x01BD	0xE518    	MOV A, init_i_L0
0x01BF	0x9408    	SUBB A, #8
0x01C1	0x5009    	JNC L_init1
0x01C3	0x751F00  	MOV FARG_outd_c, #0
0x01C6	0x3106    	ACALL _outd
0x01C8	0x0518    	INC init_i_L0
0x01CA	0x80F0    	SJMP L_init0
L_init1:
;Drv.c,52 :: 		for(i=0;i<8;i++) outd(0x10);
0x01CC	0x751800  	MOV init_i_L0, #0
L_init3:
0x01CF	0xC3      	CLR C
0x01D0	0xE518    	MOV A, init_i_L0
0x01D2	0x9408    	SUBB A, #8
0x01D4	0x5009    	JNC L_init4
0x01D6	0x751F10  	MOV FARG_outd_c, #16
0x01D9	0x3106    	ACALL _outd
0x01DB	0x0518    	INC init_i_L0
0x01DD	0x80F0    	SJMP L_init3
L_init4:
;Drv.c,53 :: 		for(i=0;i<8;i++) outd(0x18);
0x01DF	0x751800  	MOV init_i_L0, #0
L_init6:
0x01E2	0xC3      	CLR C
0x01E3	0xE518    	MOV A, init_i_L0
0x01E5	0x9408    	SUBB A, #8
0x01E7	0x5009    	JNC L_init7
0x01E9	0x751F18  	MOV FARG_outd_c, #24
0x01EC	0x3106    	ACALL _outd
0x01EE	0x0518    	INC init_i_L0
0x01F0	0x80F0    	SJMP L_init6
L_init7:
;Drv.c,54 :: 		for(i=0;i<8;i++) outd(0x1C);
0x01F2	0x751800  	MOV init_i_L0, #0
L_init9:
0x01F5	0xC3      	CLR C
0x01F6	0xE518    	MOV A, init_i_L0
0x01F8	0x9408    	SUBB A, #8
0x01FA	0x5009    	JNC L_init10
0x01FC	0x751F1C  	MOV FARG_outd_c, #28
0x01FF	0x3106    	ACALL _outd
0x0201	0x0518    	INC init_i_L0
0x0203	0x80F0    	SJMP L_init9
L_init10:
;Drv.c,55 :: 		for(i=0;i<8;i++) outd(0x1E);
0x0205	0x751800  	MOV init_i_L0, #0
L_init12:
0x0208	0xC3      	CLR C
0x0209	0xE518    	MOV A, init_i_L0
0x020B	0x9408    	SUBB A, #8
0x020D	0x5009    	JNC L_init13
0x020F	0x751F1E  	MOV FARG_outd_c, #30
0x0212	0x3106    	ACALL _outd
0x0214	0x0518    	INC init_i_L0
0x0216	0x80F0    	SJMP L_init12
L_init13:
;Drv.c,56 :: 		for(i=0;i<8;i++) outd(0x1F);
0x0218	0x751800  	MOV init_i_L0, #0
L_init15:
0x021B	0xC3      	CLR C
0x021C	0xE518    	MOV A, init_i_L0
0x021E	0x9408    	SUBB A, #8
0x0220	0x5009    	JNC L_init16
0x0222	0x751F1F  	MOV FARG_outd_c, #31
0x0225	0x3106    	ACALL _outd
0x0227	0x0518    	INC init_i_L0
0x0229	0x80F0    	SJMP L_init15
L_init16:
;Drv.c,57 :: 		}
0x022B	0x22      	RET
; end of _init
_atoi:
;__Lib_CStdlib.c,181 :: 		
;__Lib_CStdlib.c,186 :: 		
___atoi_skipws_atoi:
;__Lib_CStdlib.c,187 :: 		
0x022C	0xA818    	MOV R0, FARG_atoi_s
0x022E	0x8619    	MOV atoi_c_L0, @R0
0x0230	0xE4      	CLR A
0x0231	0xF51A    	MOV atoi_c_L0+1, A
;__Lib_CStdlib.c,188 :: 		
0x0233	0x7420    	MOV A, #32
0x0235	0x6519    	XRL A, atoi_c_L0
0x0237	0x7004    	JNZ L__atoi101
0x0239	0x7400    	MOV A, #0
0x023B	0x651A    	XRL A, atoi_c_L0+1
L__atoi101:
0x023D	0x600E    	JZ L__atoi90
0x023F	0x7409    	MOV A, #9
0x0241	0x6519    	XRL A, atoi_c_L0
0x0243	0x7004    	JNZ L__atoi102
0x0245	0x7400    	MOV A, #0
0x0247	0x651A    	XRL A, atoi_c_L0+1
L__atoi102:
0x0249	0x6002    	JZ L__atoi90
0x024B	0x8004    	SJMP L_atoi55
L__atoi90:
;__Lib_CStdlib.c,189 :: 		
0x024D	0x0518    	INC FARG_atoi_s
;__Lib_CStdlib.c,190 :: 		
0x024F	0x80DB    	SJMP ___atoi_skipws_atoi
;__Lib_CStdlib.c,191 :: 		
L_atoi55:
;__Lib_CStdlib.c,192 :: 		
0x0251	0x751B00  	MOV atoi_a_L0, #0
0x0254	0x751C00  	MOV atoi_a_L0+1, #0
;__Lib_CStdlib.c,193 :: 		
0x0257	0x751D00  	MOV atoi_sign_L0, #0
0x025A	0x751E00  	MOV atoi_sign_L0+1, #0
;__Lib_CStdlib.c,194 :: 		
0x025D	0x742D    	MOV A, #45
0x025F	0x6519    	XRL A, atoi_c_L0
0x0261	0x7004    	JNZ L__atoi103
0x0263	0x7400    	MOV A, #0
0x0265	0x651A    	XRL A, atoi_c_L0+1
L__atoi103:
0x0267	0x7010    	JNZ L_atoi56
;__Lib_CStdlib.c,195 :: 		
0x0269	0x7401    	MOV A, #1
0x026B	0x251D    	ADD A, atoi_sign_L0
0x026D	0xF51D    	MOV atoi_sign_L0, A
0x026F	0x7400    	MOV A, #0
0x0271	0x351E    	ADDC A, atoi_sign_L0+1
0x0273	0xF51E    	MOV atoi_sign_L0+1, A
;__Lib_CStdlib.c,196 :: 		
0x0275	0x0518    	INC FARG_atoi_s
;__Lib_CStdlib.c,197 :: 		
0x0277	0x800E    	SJMP L_atoi57
L_atoi56:
;__Lib_CStdlib.c,199 :: 		
0x0279	0x742B    	MOV A, #43
0x027B	0x6519    	XRL A, atoi_c_L0
0x027D	0x7004    	JNZ L__atoi104
0x027F	0x7400    	MOV A, #0
0x0281	0x651A    	XRL A, atoi_c_L0+1
L__atoi104:
0x0283	0x7002    	JNZ L_atoi58
;__Lib_CStdlib.c,200 :: 		
0x0285	0x0518    	INC FARG_atoi_s
L_atoi58:
L_atoi57:
;__Lib_CStdlib.c,201 :: 		
___atoi_conv_atoi:
;__Lib_CStdlib.c,202 :: 		
0x0287	0xA818    	MOV R0, FARG_atoi_s
0x0289	0x8619    	MOV atoi_c_L0, @R0
0x028B	0xE4      	CLR A
0x028C	0xF51A    	MOV atoi_c_L0+1, A
;__Lib_CStdlib.c,203 :: 		
0x028E	0x85191F  	MOV FARG_isdigit_character, atoi_c_L0+0
0x0291	0x1126    	ACALL _isdigit
0x0293	0xE8      	MOV A, R0
0x0294	0x6021    	JZ L_atoi59
;__Lib_CStdlib.c,204 :: 		
0x0296	0xA81B    	MOV R0, atoi_a_L0
0x0298	0xA91C    	MOV R1, atoi_a_L0+1
0x029A	0x7C0A    	MOV R4, #10
0x029C	0x7D00    	MOV R5, #0
0x029E	0x312D    	ACALL _Mul_16x16
0x02A0	0xC3      	CLR C
0x02A1	0xE519    	MOV A, atoi_c_L0
0x02A3	0x9430    	SUBB A, #48
0x02A5	0xFA      	MOV R2, A
0x02A6	0xE51A    	MOV A, atoi_c_L0+1
0x02A8	0x9400    	SUBB A, #0
0x02AA	0xFB      	MOV R3, A
0x02AB	0xE8      	MOV A, R0
0x02AC	0x2A      	ADD A, R2
0x02AD	0xF51B    	MOV atoi_a_L0, A
0x02AF	0xE9      	MOV A, R1
0x02B0	0x3B      	ADDC A, R3
0x02B1	0xF51C    	MOV atoi_a_L0+1, A
;__Lib_CStdlib.c,205 :: 		
0x02B3	0x0518    	INC FARG_atoi_s
;__Lib_CStdlib.c,206 :: 		
0x02B5	0x80D0    	SJMP ___atoi_conv_atoi
;__Lib_CStdlib.c,207 :: 		
L_atoi59:
;__Lib_CStdlib.c,208 :: 		
0x02B7	0xE51D    	MOV A, atoi_sign_L0
0x02B9	0x451E    	ORL A, atoi_sign_L0+1
0x02BB	0x600C    	JZ L_atoi60
;__Lib_CStdlib.c,209 :: 		
0x02BD	0xC3      	CLR C
0x02BE	0x7400    	MOV A, #0
0x02C0	0x951B    	SUBB A, atoi_a_L0
0x02C2	0xF8      	MOV R0, A
0x02C3	0x7400    	MOV A, #0
0x02C5	0x951C    	SUBB A, atoi_a_L0+1
0x02C7	0xF9      	MOV R1, A
0x02C8	0x22      	RET
L_atoi60:
;__Lib_CStdlib.c,210 :: 		
0x02C9	0xA81B    	MOV R0, atoi_a_L0
0x02CB	0xA91C    	MOV R1, atoi_a_L0+1
;__Lib_CStdlib.c,211 :: 		
0x02CD	0x22      	RET
; end of _atoi
_Div_16x16_S:
;__Lib_Math.c,371 :: 		
;__Lib_Math.c,373 :: 		
0x02CE	0xC2D5    	CLR F0_bit
;__Lib_Math.c,374 :: 		
0x02D0	0xED      	MOV A, R5
;__Lib_Math.c,375 :: 		
0x02D1	0x30E709  	JNB 231, __Div_16x16_S_op2hipositive
;__Lib_Math.c,376 :: 		
0x02D4	0xB2D5    	CPL F0_bit
;__Lib_Math.c,377 :: 		
0x02D6	0xE4      	CLR A
;__Lib_Math.c,378 :: 		
0x02D7	0xC3      	CLR C
;__Lib_Math.c,379 :: 		
0x02D8	0x9C      	SUBB A, R4
;__Lib_Math.c,380 :: 		
0x02D9	0xFC      	MOV R4, A
;__Lib_Math.c,381 :: 		
0x02DA	0xE4      	CLR A
;__Lib_Math.c,382 :: 		
0x02DB	0x9D      	SUBB A, R5
;__Lib_Math.c,383 :: 		
0x02DC	0xFD      	MOV R5, A
;__Lib_Math.c,385 :: 		
__Div_16x16_S_op2hipositive:
;__Lib_Math.c,386 :: 		
0x02DD	0xE9      	MOV A, R1
;__Lib_Math.c,387 :: 		
0x02DE	0x30E715  	JNB 231, __Div_16x16_S_op1hipositive
;__Lib_Math.c,388 :: 		
0x02E1	0xB2D5    	CPL F0_bit
;__Lib_Math.c,389 :: 		
0x02E3	0xE4      	CLR A
;__Lib_Math.c,390 :: 		
0x02E4	0xC3      	CLR C
;__Lib_Math.c,391 :: 		
0x02E5	0x98      	SUBB A, R0
;__Lib_Math.c,392 :: 		
0x02E6	0xF8      	MOV R0, A
;__Lib_Math.c,393 :: 		
0x02E7	0xE4      	CLR A
;__Lib_Math.c,394 :: 		
0x02E8	0x99      	SUBB A, R1
;__Lib_Math.c,395 :: 		
0x02E9	0xF9      	MOV R1, A
;__Lib_Math.c,396 :: 		
0x02EA	0x1200B1  	LCALL _Div_16x16_U
;__Lib_Math.c,397 :: 		
0x02ED	0xC3      	CLR C
;__Lib_Math.c,398 :: 		
0x02EE	0xE4      	CLR A
;__Lib_Math.c,399 :: 		
0x02EF	0x9C      	SUBB A, R4
;__Lib_Math.c,400 :: 		
0x02F0	0xFC      	MOV R4, A
;__Lib_Math.c,401 :: 		
0x02F1	0xE4      	CLR A
;__Lib_Math.c,402 :: 		
0x02F2	0x9D      	SUBB A, R5
;__Lib_Math.c,403 :: 		
0x02F3	0xFD      	MOV R5, A
;__Lib_Math.c,404 :: 		
0x02F4	0x8003    	SJMP __Div_16x16_S_Skip_Udiv
;__Lib_Math.c,406 :: 		
__Div_16x16_S_op1hipositive:
;__Lib_Math.c,407 :: 		
0x02F6	0x1200B1  	LCALL _Div_16x16_U
;__Lib_Math.c,409 :: 		
__Div_16x16_S_Skip_Udiv:
;__Lib_Math.c,410 :: 		
0x02F9	0x30D507  	JNB F0_bit, __Div_16x16_S_div_ret
;__Lib_Math.c,411 :: 		
0x02FC	0xC3      	CLR C
;__Lib_Math.c,412 :: 		
0x02FD	0xE4      	CLR A
;__Lib_Math.c,413 :: 		
0x02FE	0x98      	SUBB A, R0
;__Lib_Math.c,414 :: 		
0x02FF	0xF8      	MOV R0, A
;__Lib_Math.c,415 :: 		
0x0300	0xE4      	CLR A
;__Lib_Math.c,416 :: 		
0x0301	0x99      	SUBB A, R1
;__Lib_Math.c,417 :: 		
0x0302	0xF9      	MOV R1, A
;__Lib_Math.c,419 :: 		
__Div_16x16_S_div_ret:
;__Lib_Math.c,421 :: 		
0x0303	0x22      	RET
; end of _Div_16x16_S
_clear_lcd:
;Drv.c,86 :: 		void clear_lcd(void){
;Drv.c,88 :: 		outcw(0x80);
0x0304	0x751F80  	MOV FARG_outcw_c, #128
0x0307	0x113B    	ACALL _outcw
;Drv.c,89 :: 		for(i=0;i<16;i++)
0x0309	0x751800  	MOV clear_lcd_i_L0, #0
L_clear_lcd30:
0x030C	0xC3      	CLR C
0x030D	0xE518    	MOV A, clear_lcd_i_L0
0x030F	0x9410    	SUBB A, #16
0x0311	0x5009    	JNC L_clear_lcd31
;Drv.c,90 :: 		outd(' ');
0x0313	0x751F20  	MOV FARG_outd_c, #32
0x0316	0x3106    	ACALL _outd
;Drv.c,89 :: 		for(i=0;i<16;i++)
0x0318	0x0518    	INC clear_lcd_i_L0
;Drv.c,90 :: 		outd(' ');
0x031A	0x80F0    	SJMP L_clear_lcd30
L_clear_lcd31:
;Drv.c,91 :: 		}
0x031C	0x22      	RET
; end of _clear_lcd
_ScanKbd:
;Drv.c,59 :: 		unsigned char ScanKbd(void) {
;Drv.c,61 :: 		unsigned char kp = 0;
0x031D	0x751800  	MOV ScanKbd_kp_L0, #0
;Drv.c,63 :: 		P0 = P0&0x1F|0xC0;    //столбец 1
0x0320	0xE580    	MOV A, P0
0x0322	0x541F    	ANL A, #31
0x0324	0xF8      	MOV R0, A
0x0325	0x44C0    	ORL A, #192
0x0327	0xF580    	MOV P0, A
;Drv.c,64 :: 		for(i=0;i<10;i++);
0x0329	0x751900  	MOV ScanKbd_i_L0, #0
L_ScanKbd18:
0x032C	0xC3      	CLR C
0x032D	0xE519    	MOV A, ScanKbd_i_L0
0x032F	0x940A    	SUBB A, #10
0x0331	0x5004    	JNC L_ScanKbd19
0x0333	0x0519    	INC ScanKbd_i_L0
0x0335	0x80F5    	SJMP L_ScanKbd18
L_ScanKbd19:
;Drv.c,65 :: 		if (!P1_0_bit) kp = 1;
0x0337	0x209003  	JB P1_0_bit, L_ScanKbd21
0x033A	0x751801  	MOV ScanKbd_kp_L0, #1
L_ScanKbd21:
;Drv.c,70 :: 		P0 = P0&0x1F|0xA0;    //столбец 2
0x033D	0xE580    	MOV A, P0
0x033F	0x541F    	ANL A, #31
0x0341	0xF8      	MOV R0, A
0x0342	0x44A0    	ORL A, #160
0x0344	0xF580    	MOV P0, A
;Drv.c,71 :: 		for(i=0;i<10;i++);
0x0346	0x751900  	MOV ScanKbd_i_L0, #0
L_ScanKbd22:
0x0349	0xC3      	CLR C
0x034A	0xE519    	MOV A, ScanKbd_i_L0
0x034C	0x940A    	SUBB A, #10
0x034E	0x5004    	JNC L_ScanKbd23
0x0350	0x0519    	INC ScanKbd_i_L0
0x0352	0x80F5    	SJMP L_ScanKbd22
L_ScanKbd23:
;Drv.c,72 :: 		if (!P1_0_bit) kp = 2;
0x0354	0x209003  	JB P1_0_bit, L_ScanKbd25
0x0357	0x751802  	MOV ScanKbd_kp_L0, #2
L_ScanKbd25:
;Drv.c,77 :: 		P0 = P0&0x1F|0x60;    //столбец 3
0x035A	0xE580    	MOV A, P0
0x035C	0x541F    	ANL A, #31
0x035E	0xF8      	MOV R0, A
0x035F	0x4460    	ORL A, #96
0x0361	0xF580    	MOV P0, A
;Drv.c,78 :: 		for(i=0;i<10;i++);
0x0363	0x751900  	MOV ScanKbd_i_L0, #0
L_ScanKbd26:
0x0366	0xC3      	CLR C
0x0367	0xE519    	MOV A, ScanKbd_i_L0
0x0369	0x940A    	SUBB A, #10
0x036B	0x5004    	JNC L_ScanKbd27
0x036D	0x0519    	INC ScanKbd_i_L0
0x036F	0x80F5    	SJMP L_ScanKbd26
L_ScanKbd27:
;Drv.c,79 :: 		if (!P1_0_bit) kp = 3;
0x0371	0x209003  	JB P1_0_bit, L_ScanKbd29
0x0374	0x751803  	MOV ScanKbd_kp_L0, #3
L_ScanKbd29:
;Drv.c,83 :: 		return kp;
0x0377	0xA818    	MOV R0, ScanKbd_kp_L0
;Drv.c,84 :: 		}
0x0379	0x22      	RET
; end of _ScanKbd
_Timer1InterruptHandler:
0x037A	0xC0D0    	PUSH PSW
0x037C	0xC0E0    	PUSH ACC
0x037E	0xC0F0    	PUSH B
0x0380	0xC082    	PUSH DP0L
0x0382	0xC083    	PUSH DP0H
;Calc2.c,245 :: 		void Timer1InterruptHandler() org IVT_ADDR_ET1{
;Calc2.c,247 :: 		EA_bit = 0;        // Clear global interrupt enable flag
0x0384	0xC2AF    	CLR EA_bit
;Calc2.c,248 :: 		TF1_bit = 0;       // Ensure that Timer1 interrupt flag is cleared
0x0386	0xC28F    	CLR TF1_bit
;Calc2.c,250 :: 		TR1_bit = 0;       // Stop Timer1
0x0388	0xC28E    	CLR TR1_bit
;Calc2.c,251 :: 		TH1 = 0xFC;        // Reset Timer1 high byte  65536-1000
0x038A	0x758DFC  	MOV TH1, #252
;Calc2.c,252 :: 		TL1 = 0x18;        // Reset Timer1 low byte
0x038D	0x758B18  	MOV TL1, #24
;Calc2.c,255 :: 		ms++;
0x0390	0x7401    	MOV A, #1
0x0392	0x2534    	ADD A, _ms
0x0394	0xF534    	MOV _ms, A
0x0396	0x7400    	MOV A, #0
0x0398	0x3535    	ADDC A, _ms+1
0x039A	0xF535    	MOV _ms+1, A
;Calc2.c,257 :: 		EA_bit = 1;        // Set global interrupt enable flag
0x039C	0xD2AF    	SETB EA_bit
;Calc2.c,258 :: 		TR1_bit = 1;       // Run Timer1
0x039E	0xD28E    	SETB TR1_bit
;Calc2.c,259 :: 		}
0x03A0	0xD083    	POP DP0H
0x03A2	0xD082    	POP DP0L
0x03A4	0xD0F0    	POP B
0x03A6	0xD0E0    	POP ACC
0x03A8	0xD0D0    	POP PSW
0x03AA	0x32      	RETI
; end of _Timer1InterruptHandler
_INT0_Interrupt:
0x03AB	0xC0D0    	PUSH PSW
0x03AD	0xC0E0    	PUSH ACC
0x03AF	0xC0F0    	PUSH B
0x03B1	0xC082    	PUSH DP0L
0x03B3	0xC083    	PUSH DP0H
;Calc2.c,261 :: 		void INT0_Interrupt() org IVT_ADDR_EX0 {
;Calc2.c,262 :: 		EA_bit = 0;
0x03B5	0xC2AF    	CLR EA_bit
;Calc2.c,263 :: 		lcd_led=~lcd_led;
0x03B7	0xA284    	MOV C, P0_4_bit
0x03B9	0xB3      	CPL C
0x03BA	0x9284    	MOV P0_4_bit, C
;Calc2.c,264 :: 		EA_bit = 1;
0x03BC	0xD2AF    	SETB EA_bit
;Calc2.c,265 :: 		}
0x03BE	0xD083    	POP DP0H
0x03C0	0xD082    	POP DP0L
0x03C2	0xD0F0    	POP B
0x03C4	0xD0E0    	POP ACC
0x03C6	0xD0D0    	POP PSW
0x03C8	0x32      	RETI
; end of _INT0_Interrupt
_main:
0x03C9	0x758180  	MOV SP, #128
0x03CC	0x12073D  	LCALL 1853
;Calc2.c,80 :: 		void main (void)
;Calc2.c,83 :: 		init();
0x03CF	0x3147    	ACALL _init
;Calc2.c,84 :: 		RED = 1;      // Красный цвет
0x03D1	0xD280    	SETB P0_0_bit
;Calc2.c,85 :: 		YEL = 1;      // Желтый цвет
0x03D3	0xD281    	SETB P0_1_bit
;Calc2.c,86 :: 		GRN = 0;      // Зеленый цвет
0x03D5	0xC282    	CLR P0_2_bit
;Calc2.c,87 :: 		lcd_led = 0;  // Подсветка индикатора
0x03D7	0xC284    	CLR P0_4_bit
;Calc2.c,88 :: 		clear_lcd();
0x03D9	0x7104    	ACALL _clear_lcd
;Calc2.c,89 :: 		outcw(0x80);
0x03DB	0x751F80  	MOV FARG_outcw_c, #128
0x03DE	0x113B    	ACALL _outcw
;Calc2.c,91 :: 		while (1)
L_main7:
;Calc2.c,93 :: 		key=ScanKbd(); //опрашиваем кнопку
0x03E0	0x711D    	ACALL _ScanKbd
0x03E2	0x85000C  	MOV _key, 0
;Calc2.c,94 :: 		DelayMs(100);
0x03E5	0x751F64  	MOV FARG_DelayMs_m, #100
0x03E8	0x752000  	MOV FARG_DelayMs_m+1, #0
0x03EB	0x1195    	ACALL _DelayMs
;Calc2.c,95 :: 		switch (state)
0x03ED	0xE111    	AJMP L_main9
;Calc2.c,97 :: 		case INPUT_FN:
L_main11:
;Calc2.c,98 :: 		DelayMs(100);
0x03EF	0x751F64  	MOV FARG_DelayMs_m, #100
0x03F2	0x752000  	MOV FARG_DelayMs_m+1, #0
0x03F5	0x1195    	ACALL _DelayMs
;Calc2.c,99 :: 		if (key == 13 && kF != 0) {state = SELECT_OP; clear_lcd(); outcw(0x80); RED = 0; YEL = 1; GRN = 1;break;}
0x03F7	0xE50C    	MOV A, _key
0x03F9	0x640D    	XRL A, #13
0x03FB	0x7018    	JNZ L_main14
0x03FD	0xE537    	MOV A, _kF
0x03FF	0x4538    	ORL A, _kF+1
0x0401	0x6012    	JZ L_main14
L__main78:
0x0403	0x753902  	MOV _state, #2
0x0406	0x7104    	ACALL _clear_lcd
0x0408	0x751F80  	MOV FARG_outcw_c, #128
0x040B	0x113B    	ACALL _outcw
0x040D	0xC280    	CLR P0_0_bit
0x040F	0xD281    	SETB P0_1_bit
0x0411	0xD282    	SETB P0_2_bit
0x0413	0xE12F    	AJMP L_main10
L_main14:
;Calc2.c,100 :: 		if (key == '#' || key == ' ') break;
0x0415	0xE50C    	MOV A, _key
0x0417	0x6423    	XRL A, #35
0x0419	0x6008    	JZ L__main77
0x041B	0xE50C    	MOV A, _key
0x041D	0x6420    	XRL A, #32
0x041F	0x6002    	JZ L__main77
0x0421	0x8002    	SJMP L_main17
L__main77:
0x0423	0xE12F    	AJMP L_main10
L_main17:
;Calc2.c,101 :: 		if (kF == 4) break;
0x0425	0x7404    	MOV A, #4
0x0427	0x6537    	XRL A, _kF
0x0429	0x7004    	JNZ L__main80
0x042B	0x7400    	MOV A, #0
0x042D	0x6538    	XRL A, _kF+1
L__main80:
0x042F	0x7002    	JNZ L_main18
0x0431	0xE12F    	AJMP L_main10
L_main18:
;Calc2.c,102 :: 		switch (key)
0x0433	0x801A    	SJMP L_main19
;Calc2.c,104 :: 		case '0':
L_main21:
;Calc2.c,105 :: 		case '1':
L_main22:
;Calc2.c,106 :: 		case '2':
L_main23:
;Calc2.c,107 :: 		case '3':
L_main24:
;Calc2.c,108 :: 		case '4':
L_main25:
;Calc2.c,109 :: 		case '5':
L_main26:
;Calc2.c,110 :: 		case '6':
L_main27:
;Calc2.c,111 :: 		case '7':
L_main28:
;Calc2.c,112 :: 		case '8':
L_main29:
;Calc2.c,113 :: 		case '9':
L_main30:
;Calc2.c,114 :: 		outd(key);
0x0435	0x850C1F  	MOV FARG_outd_c, _key+0
0x0438	0x3106    	ACALL _outd
;Calc2.c,115 :: 		fN[kF] = key;
0x043A	0x7408    	MOV A, lo_addr(_fN)
0x043C	0x2537    	ADD A, _kF
0x043E	0xF8      	MOV R0, A
0x043F	0xA60C    	MOV @R0, _key
;Calc2.c,116 :: 		kF++;
0x0441	0x7401    	MOV A, #1
0x0443	0x2537    	ADD A, _kF
0x0445	0xF537    	MOV _kF, A
0x0447	0x7400    	MOV A, #0
0x0449	0x3538    	ADDC A, _kF+1
0x044B	0xF538    	MOV _kF+1, A
;Calc2.c,117 :: 		break;
0x044D	0x803C    	SJMP L_main20
;Calc2.c,118 :: 		}
L_main19:
0x044F	0xE50C    	MOV A, _key
0x0451	0x6430    	XRL A, #48
0x0453	0x60E0    	JZ L_main21
0x0455	0xE50C    	MOV A, _key
0x0457	0x6431    	XRL A, #49
0x0459	0x60DA    	JZ L_main22
0x045B	0xE50C    	MOV A, _key
0x045D	0x6432    	XRL A, #50
0x045F	0x60D4    	JZ L_main23
0x0461	0xE50C    	MOV A, _key
0x0463	0x6433    	XRL A, #51
0x0465	0x60CE    	JZ L_main24
0x0467	0xE50C    	MOV A, _key
0x0469	0x6434    	XRL A, #52
0x046B	0x60C8    	JZ L_main25
0x046D	0xE50C    	MOV A, _key
0x046F	0x6435    	XRL A, #53
0x0471	0x60C2    	JZ L_main26
0x0473	0xE50C    	MOV A, _key
0x0475	0x6436    	XRL A, #54
0x0477	0x60BC    	JZ L_main27
0x0479	0xE50C    	MOV A, _key
0x047B	0x6437    	XRL A, #55
0x047D	0x60B6    	JZ L_main28
0x047F	0xE50C    	MOV A, _key
0x0481	0x6438    	XRL A, #56
0x0483	0x60B0    	JZ L_main29
0x0485	0xE50C    	MOV A, _key
0x0487	0x6439    	XRL A, #57
0x0489	0x60AA    	JZ L_main30
L_main20:
;Calc2.c,119 :: 		case SELECT_OP:
L_main31:
;Calc2.c,120 :: 		DelayMs(100);
0x048B	0x751F64  	MOV FARG_DelayMs_m, #100
0x048E	0x752000  	MOV FARG_DelayMs_m+1, #0
0x0491	0x1195    	ACALL _DelayMs
;Calc2.c,121 :: 		if (key == '#') {
0x0493	0xE50C    	MOV A, _key
0x0495	0x6423    	XRL A, #35
0x0497	0x705C    	JNZ L_main32
;Calc2.c,122 :: 		if (op == '/') {clear_lcd(); outcw(0x80); op = '+'; outd('+'); break;}
0x0499	0xE536    	MOV A, _op
0x049B	0x642F    	XRL A, #47
0x049D	0x7011    	JNZ L_main33
0x049F	0x7104    	ACALL _clear_lcd
0x04A1	0x751F80  	MOV FARG_outcw_c, #128
0x04A4	0x113B    	ACALL _outcw
0x04A6	0x75362B  	MOV _op, #43
0x04A9	0x751F2B  	MOV FARG_outd_c, #43
0x04AC	0x3106    	ACALL _outd
0x04AE	0xE12F    	AJMP L_main10
L_main33:
;Calc2.c,123 :: 		else if (op == '+') {op = '-'; clear_lcd(); outcw(0x80); outd('-'); break;}
0x04B0	0xE536    	MOV A, _op
0x04B2	0x642B    	XRL A, #43
0x04B4	0x7011    	JNZ L_main35
0x04B6	0x75362D  	MOV _op, #45
0x04B9	0x7104    	ACALL _clear_lcd
0x04BB	0x751F80  	MOV FARG_outcw_c, #128
0x04BE	0x113B    	ACALL _outcw
0x04C0	0x751F2D  	MOV FARG_outd_c, #45
0x04C3	0x3106    	ACALL _outd
0x04C5	0xE12F    	AJMP L_main10
L_main35:
;Calc2.c,124 :: 		else if (op == '-') {op = '*'; clear_lcd(); outcw(0x80); outd('*'); break;}
0x04C7	0xE536    	MOV A, _op
0x04C9	0x642D    	XRL A, #45
0x04CB	0x7011    	JNZ L_main37
0x04CD	0x75362A  	MOV _op, #42
0x04D0	0x7104    	ACALL _clear_lcd
0x04D2	0x751F80  	MOV FARG_outcw_c, #128
0x04D5	0x113B    	ACALL _outcw
0x04D7	0x751F2A  	MOV FARG_outd_c, #42
0x04DA	0x3106    	ACALL _outd
0x04DC	0xE12F    	AJMP L_main10
L_main37:
;Calc2.c,125 :: 		else if (op == '*') {op = '/'; clear_lcd(); outcw(0x80); outd('/'); break;}
0x04DE	0xE536    	MOV A, _op
0x04E0	0x642A    	XRL A, #42
0x04E2	0x7011    	JNZ L_main39
0x04E4	0x75362F  	MOV _op, #47
0x04E7	0x7104    	ACALL _clear_lcd
0x04E9	0x751F80  	MOV FARG_outcw_c, #128
0x04EC	0x113B    	ACALL _outcw
0x04EE	0x751F2F  	MOV FARG_outd_c, #47
0x04F1	0x3106    	ACALL _outd
0x04F3	0xE12F    	AJMP L_main10
L_main39:
;Calc2.c,126 :: 		}
L_main32:
;Calc2.c,127 :: 		if (key == 13) {clear_lcd(); outcw(0x80); state = INPUT_SN; RED = 1; YEL = 0; GRN = 1;}
0x04F5	0xE50C    	MOV A, _key
0x04F7	0x640D    	XRL A, #13
0x04F9	0x7010    	JNZ L_main40
0x04FB	0x7104    	ACALL _clear_lcd
0x04FD	0x751F80  	MOV FARG_outcw_c, #128
0x0500	0x113B    	ACALL _outcw
0x0502	0x753903  	MOV _state, #3
0x0505	0xD280    	SETB P0_0_bit
0x0507	0xC281    	CLR P0_1_bit
0x0509	0xD282    	SETB P0_2_bit
L_main40:
;Calc2.c,128 :: 		break;
0x050B	0xE12F    	AJMP L_main10
;Calc2.c,129 :: 		case INPUT_SN:
L_main41:
;Calc2.c,130 :: 		DelayMs(100);
0x050D	0x751F64  	MOV FARG_DelayMs_m, #100
0x0510	0x752000  	MOV FARG_DelayMs_m+1, #0
0x0513	0x1195    	ACALL _DelayMs
;Calc2.c,131 :: 		if (key == 13 && kS != 0)
0x0515	0xE50C    	MOV A, _key
0x0517	0x640D    	XRL A, #13
0x0519	0x6002    	JZ #2
0x051B	0xC179    	AJMP L_main44
0x051D	0xE530    	MOV A, _kS
0x051F	0x4531    	ORL A, _kS+1
0x0521	0x7002    	JNZ #2
0x0523	0xC179    	AJMP L_main44
L__main76:
;Calc2.c,133 :: 		clear_lcd();
0x0525	0x7104    	ACALL _clear_lcd
;Calc2.c,134 :: 		switch (op)
0x0527	0xA1A2    	AJMP L_main45
;Calc2.c,136 :: 		case '+':
L_main47:
;Calc2.c,137 :: 		res = atoi(fN) + atoi(sN);
0x0529	0x751808  	MOV FARG_atoi_s, lo_addr(_fN)
0x052C	0x512C    	ACALL _atoi
0x052E	0x850016  	MOV FLOC__main, 0
0x0531	0x850117  	MOV FLOC__main+1, 1
0x0534	0x751810  	MOV FARG_atoi_s, lo_addr(_sN)
0x0537	0x512C    	ACALL _atoi
0x0539	0xE516    	MOV A, FLOC__main
0x053B	0x28      	ADD A, R0
0x053C	0xF532    	MOV _res, A
0x053E	0xE517    	MOV A, FLOC__main+1
0x0540	0x39      	ADDC A, R1
0x0541	0xF533    	MOV _res+1, A
;Calc2.c,139 :: 		break;
0x0543	0xA1BE    	AJMP L_main46
;Calc2.c,140 :: 		case '-':
L_main48:
;Calc2.c,141 :: 		res = atoi(fN) - atoi(sN);
0x0545	0x751808  	MOV FARG_atoi_s, lo_addr(_fN)
0x0548	0x512C    	ACALL _atoi
0x054A	0x850016  	MOV FLOC__main, 0
0x054D	0x850117  	MOV FLOC__main+1, 1
0x0550	0x751810  	MOV FARG_atoi_s, lo_addr(_sN)
0x0553	0x512C    	ACALL _atoi
0x0555	0xC3      	CLR C
0x0556	0xE516    	MOV A, FLOC__main
0x0558	0x98      	SUBB A, R0
0x0559	0xF532    	MOV _res, A
0x055B	0xE517    	MOV A, FLOC__main+1
0x055D	0x99      	SUBB A, R1
0x055E	0xF533    	MOV _res+1, A
;Calc2.c,142 :: 		break;
0x0560	0x805C    	SJMP L_main46
;Calc2.c,143 :: 		case '*':
L_main49:
;Calc2.c,144 :: 		res = atoi(fN) * atoi(sN);
0x0562	0x751808  	MOV FARG_atoi_s, lo_addr(_fN)
0x0565	0x512C    	ACALL _atoi
0x0567	0x850016  	MOV FLOC__main, 0
0x056A	0x850117  	MOV FLOC__main+1, 1
0x056D	0x751810  	MOV FARG_atoi_s, lo_addr(_sN)
0x0570	0x512C    	ACALL _atoi
0x0572	0xAC16    	MOV R4, FLOC__main
0x0574	0xAD17    	MOV R5, FLOC__main+1
0x0576	0x312D    	ACALL _Mul_16x16
0x0578	0x850032  	MOV _res, 0
0x057B	0x850133  	MOV _res+1, 1
;Calc2.c,145 :: 		break;
0x057E	0x803E    	SJMP L_main46
;Calc2.c,146 :: 		case '/':
L_main50:
;Calc2.c,147 :: 		res = atoi(fN) / atoi(sN);
0x0580	0x751808  	MOV FARG_atoi_s, lo_addr(_fN)
0x0583	0x512C    	ACALL _atoi
0x0585	0x850016  	MOV FLOC__main, 0
0x0588	0x850117  	MOV FLOC__main+1, 1
0x058B	0x751810  	MOV FARG_atoi_s, lo_addr(_sN)
0x058E	0x512C    	ACALL _atoi
0x0590	0xAC00    	MOV R4, R0
0x0592	0xAD01    	MOV R5, R1
0x0594	0xA816    	MOV R0, FLOC__main
0x0596	0xA917    	MOV R1, FLOC__main+1
0x0598	0x51CE    	ACALL _Div_16x16_S
0x059A	0x850032  	MOV _res, 0
0x059D	0x850133  	MOV _res+1, 1
;Calc2.c,148 :: 		break;
0x05A0	0x801C    	SJMP L_main46
;Calc2.c,149 :: 		}
L_main45:
0x05A2	0xE536    	MOV A, _op
0x05A4	0x642B    	XRL A, #43
0x05A6	0x7002    	JNZ #2
0x05A8	0xA129    	AJMP L_main47
0x05AA	0xE536    	MOV A, _op
0x05AC	0x642D    	XRL A, #45
0x05AE	0x7002    	JNZ #2
0x05B0	0xA145    	AJMP L_main48
0x05B2	0xE536    	MOV A, _op
0x05B4	0x642A    	XRL A, #42
0x05B6	0x60AA    	JZ L_main49
0x05B8	0xE536    	MOV A, _op
0x05BA	0x642F    	XRL A, #47
0x05BC	0x60C2    	JZ L_main50
L_main46:
;Calc2.c,151 :: 		clear_lcd();
0x05BE	0x7104    	ACALL _clear_lcd
;Calc2.c,152 :: 		outcw(0x80);
0x05C0	0x751F80  	MOV FARG_outcw_c, #128
0x05C3	0x113B    	ACALL _outcw
;Calc2.c,160 :: 		gg = ' ';
0x05C5	0x750D20  	MOV _gg, #32
;Calc2.c,161 :: 		if (res < 0) {
0x05C8	0xC3      	CLR C
0x05C9	0xE532    	MOV A, _res
0x05CB	0x9400    	SUBB A, #0
0x05CD	0x7400    	MOV A, #0
0x05CF	0x6480    	XRL A, #128
0x05D1	0xF8      	MOV R0, A
0x05D2	0xE533    	MOV A, _res+1
0x05D4	0x6480    	XRL A, #128
0x05D6	0x98      	SUBB A, R0
0x05D7	0x5010    	JNC L_main51
;Calc2.c,162 :: 		gg = '-';
0x05D9	0x750D2D  	MOV _gg, #45
;Calc2.c,163 :: 		res = -res;
0x05DC	0xC3      	CLR C
0x05DD	0x7400    	MOV A, #0
0x05DF	0x9532    	SUBB A, _res
0x05E1	0xF532    	MOV _res, A
0x05E3	0x7400    	MOV A, #0
0x05E5	0x9533    	SUBB A, _res+1
0x05E7	0xF533    	MOV _res+1, A
;Calc2.c,164 :: 		}
L_main51:
;Calc2.c,168 :: 		i = 0x8a;
0x05E9	0x750E8A  	MOV _i, #138
0x05EC	0x750F00  	MOV _i+1, #0
;Calc2.c,169 :: 		while ( res > 0) {
L_main52:
0x05EF	0xD3      	SETB C
0x05F0	0xE532    	MOV A, _res
0x05F2	0x9400    	SUBB A, #0
0x05F4	0x7400    	MOV A, #0
0x05F6	0x6480    	XRL A, #128
0x05F8	0xF8      	MOV R0, A
0x05F9	0xE533    	MOV A, _res+1
0x05FB	0x6480    	XRL A, #128
0x05FD	0x98      	SUBB A, R0
0x05FE	0x4040    	JC L_main53
;Calc2.c,170 :: 		int digit = res % 10;
0x0600	0x7C0A    	MOV R4, #10
0x0602	0x7D00    	MOV R5, #0
0x0604	0xA832    	MOV R0, _res
0x0606	0xA933    	MOV R1, _res+1
0x0608	0x51CE    	ACALL _Div_16x16_S
0x060A	0xA804    	MOV R0, R4
0x060C	0xA905    	MOV R1, R5
0x060E	0x850014  	MOV main_digit_L4, 0
0x0611	0x850115  	MOV main_digit_L4+1, 1
;Calc2.c,171 :: 		outcw(i);
0x0614	0x850E1F  	MOV FARG_outcw_c, _i+0
0x0617	0x113B    	ACALL _outcw
;Calc2.c,172 :: 		outd('0' + digit);
0x0619	0x7430    	MOV A, #48
0x061B	0x2514    	ADD A, main_digit_L4
0x061D	0xF51F    	MOV FARG_outd_c, A
0x061F	0x3106    	ACALL _outd
;Calc2.c,173 :: 		res /= 10;
0x0621	0x7C0A    	MOV R4, #10
0x0623	0x7D00    	MOV R5, #0
0x0625	0xA832    	MOV R0, _res
0x0627	0xA933    	MOV R1, _res+1
0x0629	0x51CE    	ACALL _Div_16x16_S
0x062B	0x850032  	MOV _res, 0
0x062E	0x850133  	MOV _res+1, 1
;Calc2.c,174 :: 		i--;
0x0631	0xC3      	CLR C
0x0632	0xE50E    	MOV A, _i
0x0634	0x9401    	SUBB A, #1
0x0636	0xF50E    	MOV _i, A
0x0638	0xE50F    	MOV A, _i+1
0x063A	0x9400    	SUBB A, #0
0x063C	0xF50F    	MOV _i+1, A
;Calc2.c,175 :: 		}
0x063E	0x80AF    	SJMP L_main52
L_main53:
;Calc2.c,177 :: 		outcw(i);
0x0640	0x850E1F  	MOV FARG_outcw_c, _i+0
0x0643	0x113B    	ACALL _outcw
;Calc2.c,178 :: 		outd(gg);
0x0645	0x850D1F  	MOV FARG_outd_c, _gg+0
0x0648	0x3106    	ACALL _outd
;Calc2.c,195 :: 		fN[0] = '\0'; sN[0] = '\0';
0x064A	0x750800  	MOV _fN, #0
0x064D	0x751000  	MOV _sN, #0
;Calc2.c,196 :: 		fN[1] = '\0'; sN[1] = '\0';
0x0650	0x750900  	MOV _fN+1, #0
0x0653	0x751100  	MOV _sN+1, #0
;Calc2.c,197 :: 		fN[2] = '\0'; sN[2] = '\0';
0x0656	0x750A00  	MOV _fN+2, #0
0x0659	0x751200  	MOV _sN+2, #0
;Calc2.c,198 :: 		fN[3] = '\0'; sN[3] = '\0';
0x065C	0x750B00  	MOV _fN+3, #0
0x065F	0x751300  	MOV _sN+3, #0
;Calc2.c,204 :: 		kS = 0; kF = 0;
0x0662	0x753000  	MOV _kS, #0
0x0665	0x753100  	MOV _kS+1, #0
0x0668	0x753700  	MOV _kF, #0
0x066B	0x753800  	MOV _kF+1, #0
;Calc2.c,205 :: 		state = WAIT;
0x066E	0x753904  	MOV _state, #4
;Calc2.c,206 :: 		RED = 1; YEL = 1; GRN = 1;
0x0671	0xD280    	SETB P0_0_bit
0x0673	0xD281    	SETB P0_1_bit
0x0675	0xD282    	SETB P0_2_bit
;Calc2.c,207 :: 		break;
0x0677	0xE12F    	AJMP L_main10
;Calc2.c,208 :: 		}
L_main44:
;Calc2.c,209 :: 		if (key == '#'  || key == ' ') break;
0x0679	0xE50C    	MOV A, _key
0x067B	0x6423    	XRL A, #35
0x067D	0x6008    	JZ L__main75
0x067F	0xE50C    	MOV A, _key
0x0681	0x6420    	XRL A, #32
0x0683	0x6002    	JZ L__main75
0x0685	0x8002    	SJMP L_main56
L__main75:
0x0687	0xE12F    	AJMP L_main10
L_main56:
;Calc2.c,210 :: 		if (kS == 4) break;
0x0689	0x7404    	MOV A, #4
0x068B	0x6530    	XRL A, _kS
0x068D	0x7004    	JNZ L__main81
0x068F	0x7400    	MOV A, #0
0x0691	0x6531    	XRL A, _kS+1
L__main81:
0x0693	0x7002    	JNZ L_main57
0x0695	0xE12F    	AJMP L_main10
L_main57:
;Calc2.c,211 :: 		switch (key)
0x0697	0x801A    	SJMP L_main58
;Calc2.c,213 :: 		case '0':
L_main60:
;Calc2.c,214 :: 		case '1':
L_main61:
;Calc2.c,215 :: 		case '2':
L_main62:
;Calc2.c,216 :: 		case '3':
L_main63:
;Calc2.c,217 :: 		case '4':
L_main64:
;Calc2.c,218 :: 		case '5':
L_main65:
;Calc2.c,219 :: 		case '6':
L_main66:
;Calc2.c,220 :: 		case '7':
L_main67:
;Calc2.c,221 :: 		case '8':
L_main68:
;Calc2.c,222 :: 		case '9':
L_main69:
;Calc2.c,224 :: 		outd(key);
0x0699	0x850C1F  	MOV FARG_outd_c, _key+0
0x069C	0x3106    	ACALL _outd
;Calc2.c,225 :: 		sN[kS] = key;
0x069E	0x7410    	MOV A, lo_addr(_sN)
0x06A0	0x2530    	ADD A, _kS
0x06A2	0xF8      	MOV R0, A
0x06A3	0xA60C    	MOV @R0, _key
;Calc2.c,226 :: 		kS++;
0x06A5	0x7401    	MOV A, #1
0x06A7	0x2530    	ADD A, _kS
0x06A9	0xF530    	MOV _kS, A
0x06AB	0x7400    	MOV A, #0
0x06AD	0x3531    	ADDC A, _kS+1
0x06AF	0xF531    	MOV _kS+1, A
;Calc2.c,227 :: 		break;
0x06B1	0x803C    	SJMP L_main59
;Calc2.c,228 :: 		}
L_main58:
0x06B3	0xE50C    	MOV A, _key
0x06B5	0x6430    	XRL A, #48
0x06B7	0x60E0    	JZ L_main60
0x06B9	0xE50C    	MOV A, _key
0x06BB	0x6431    	XRL A, #49
0x06BD	0x60DA    	JZ L_main61
0x06BF	0xE50C    	MOV A, _key
0x06C1	0x6432    	XRL A, #50
0x06C3	0x60D4    	JZ L_main62
0x06C5	0xE50C    	MOV A, _key
0x06C7	0x6433    	XRL A, #51
0x06C9	0x60CE    	JZ L_main63
0x06CB	0xE50C    	MOV A, _key
0x06CD	0x6434    	XRL A, #52
0x06CF	0x60C8    	JZ L_main64
0x06D1	0xE50C    	MOV A, _key
0x06D3	0x6435    	XRL A, #53
0x06D5	0x60C2    	JZ L_main65
0x06D7	0xE50C    	MOV A, _key
0x06D9	0x6436    	XRL A, #54
0x06DB	0x60BC    	JZ L_main66
0x06DD	0xE50C    	MOV A, _key
0x06DF	0x6437    	XRL A, #55
0x06E1	0x60B6    	JZ L_main67
0x06E3	0xE50C    	MOV A, _key
0x06E5	0x6438    	XRL A, #56
0x06E7	0x60B0    	JZ L_main68
0x06E9	0xE50C    	MOV A, _key
0x06EB	0x6439    	XRL A, #57
0x06ED	0x60AA    	JZ L_main69
L_main59:
;Calc2.c,229 :: 		case WAIT:
L_main70:
;Calc2.c,230 :: 		DelayMs(100);
0x06EF	0x751F64  	MOV FARG_DelayMs_m, #100
0x06F2	0x752000  	MOV FARG_DelayMs_m+1, #0
0x06F5	0x1195    	ACALL _DelayMs
;Calc2.c,231 :: 		if (key == 13) {clear_lcd(); outcw(0x80); state = INPUT_FN; RED = 1; YEL = 1; GRN = 0; break;}
0x06F7	0xE50C    	MOV A, _key
0x06F9	0x640D    	XRL A, #13
0x06FB	0x7012    	JNZ L_main71
0x06FD	0x7104    	ACALL _clear_lcd
0x06FF	0x751F80  	MOV FARG_outcw_c, #128
0x0702	0x113B    	ACALL _outcw
0x0704	0x753901  	MOV _state, #1
0x0707	0xD280    	SETB P0_0_bit
0x0709	0xD281    	SETB P0_1_bit
0x070B	0xC282    	CLR P0_2_bit
0x070D	0x8020    	SJMP L_main10
L_main71:
;Calc2.c,232 :: 		break;
0x070F	0x801E    	SJMP L_main10
;Calc2.c,233 :: 		}
L_main9:
0x0711	0xE539    	MOV A, _state
0x0713	0x6401    	XRL A, #1
0x0715	0x7002    	JNZ #2
0x0717	0x61EF    	AJMP L_main11
0x0719	0xE539    	MOV A, _state
0x071B	0x6402    	XRL A, #2
0x071D	0x7002    	JNZ #2
0x071F	0x818B    	AJMP L_main31
0x0721	0xE539    	MOV A, _state
0x0723	0x6403    	XRL A, #3
0x0725	0x7002    	JNZ #2
0x0727	0xA10D    	AJMP L_main41
0x0729	0xE539    	MOV A, _state
0x072B	0x6404    	XRL A, #4
0x072D	0x60C0    	JZ L_main70
L_main10:
;Calc2.c,234 :: 		}
0x072F	0x61E0    	AJMP L_main7
;Calc2.c,236 :: 		}
0x0731	0x80FE    	SJMP #254
; end of _main
0x073D	0x7830    	MOV R0, 48
0x073F	0x790A    	MOV R1, 10
0x0741	0x758233  	MOV DP0L, 51
0x0744	0x758307  	MOV DP0H, 7
0x0747	0x12013F  	LCALL 319
0x074A	0x22      	RET
;Calc2.c,0 :: ?ICS_kS
0x0733	0x0000 ;?ICS_kS+0
; end of ?ICS_kS
;Calc2.c,0 :: ?ICS_res
0x0735	0x0000 ;?ICS_res+0
; end of ?ICS_res
;Calc2.c,0 :: ?ICS_ms
0x0737	0x0000 ;?ICS_ms+0
; end of ?ICS_ms
;Calc2.c,0 :: ?ICS_op
0x0739	0x2F ;?ICS_op+0
; end of ?ICS_op
;Calc2.c,0 :: ?ICS_kF
0x073A	0x0000 ;?ICS_kF+0
; end of ?ICS_kF
;Calc2.c,0 :: ?ICS_state
0x073C	0x01 ;?ICS_state+0
; end of ?ICS_state
Symbol List:
//** Routines locations **
//ADDRESS    SIZE    PROCEDURE
//----------------------------------------------
0x0026      [21]    _isdigit
0x003B      [90]    _outcw
0x0095      [28]    _DelayMs
0x00B1      [85]    _Div_16x16_U
0x0106      [39]    _outd
0x012D      [18]    _Mul_16x16
0x013F       [8]    ___CC2D
0x0147     [229]    _init
0x022C     [162]    _atoi
0x02CE      [54]    _Div_16x16_S
0x0304      [25]    _clear_lcd
0x031D      [93]    _ScanKbd
0x037A      [49]    _Timer1InterruptHandler
0x03AB      [30]    _INT0_Interrupt
0x03C9     [874]    _main
//** Variables locations ** 
//ADDRESS    SIZE    VARIABLE
//----------------------------------------------
0x0000       [1]    R0
0x0001       [1]    R1
0x0002       [1]    R2
0x0003       [1]    R3
0x0004       [1]    R4
0x0005       [1]    R5
0x0006       [1]    R6
0x0007       [1]    R7
0x0008       [4]    _fN
0x000C       [1]    _key
0x000D       [1]    _gg
0x000E       [2]    _i
0x0010       [4]    _sN
0x0014       [2]    main_digit_L4
0x0016       [2]    FLOC__main
0x0018       [1]    ScanKbd_kp_L0
0x0018       [1]    init_i_L0
0x0018       [1]    FARG_atoi_s
0x0018       [1]    clear_lcd_i_L0
0x0019       [2]    atoi_c_L0
0x0019       [1]    ScanKbd_i_L0
0x001B       [2]    atoi_a_L0
0x001D       [2]    atoi_sign_L0
0x001F       [1]    FARG_outcw_c
0x001F       [1]    FARG_outd_c
0x001F       [2]    FARG_DelayMs_m
0x001F       [1]    FARG_isdigit_character
0x0020       [1]    outd_i_L0
0x0020       [1]    outcw_i_L0
0x0021       [2]    outcw_j_L0
0x0030       [2]    _kS
0x0032       [2]    _res
0x0034       [2]    _ms
0x0036       [1]    _op
0x0037       [2]    _kF
0x0039       [1]    _state
0x0080       [0]    P0_1_bit
0x0080       [0]    P0_4_bit
0x0080       [0]    P0_2_bit
0x0080       [1]    P0
0x0080       [0]    P0_0_bit
0x0081       [1]    SP
0x0082       [1]    DPL
0x0083       [1]    DPH
0x0087       [1]    PCON
0x0088       [0]    TF1_bit
0x0088       [0]    TR1_bit
0x0089       [1]    TMOD
0x0089       [0]    C_T1_bit
0x0089       [0]    M11_bit
0x0089       [0]    M01_bit
0x0089       [0]    GATE1_bit
0x008B       [1]    TL1
0x008D       [1]    TH1
0x0090       [0]    P1_0_bit
0x0096       [1]    WMCON
0x0098       [1]    SCON
0x00A0       [1]    P2
0x00A8       [0]    ET1_bit
0x00A8       [0]    ES_bit
0x00A8       [0]    EA_bit
0x00A8       [0]    EX1_bit
0x00A8       [0]    EX0_bit
0x00B0       [0]    P3_5_bit
0x00B0       [0]    P3_7_bit
0x00B0       [0]    P3_6_bit
0x00B0       [1]    P3
0x00D0       [1]    PSW
0x00D0       [0]    OV_bit
0x00D0       [0]    F0_bit
0x00E0       [1]    ACC
0x00F0       [1]    B
//** Constants locations ** 
//ADDRESS    SIZE    CONSTANT
//----------------------------------------------
0x0733       [2]    ?ICS_kS
0x0735       [2]    ?ICS_res
0x0737       [2]    ?ICS_ms
0x0739       [1]    ?ICS_op
0x073A       [2]    ?ICS_kF
0x073C       [1]    ?ICS_state
//** Label List: ** 
//----------------------------------------------
  L_inputNumber0
  L_inputNumber1
  L_inputNumber2
  L_intToString3
  L_intToString4
  L_intToString5
  L_intToString6
  L_main7
  L_main8
  L_main9
  L_main10
  L_main11
  L_main12
  L_main13
  L_main14
  L_main15
  L_main16
  L_main17
  L_main18
  L_main19
  L_main20
  L_main21
  L_main22
  L_main23
  L_main24
  L_main25
  L_main26
  L_main27
  L_main28
  L_main29
  L_main30
  L_main31
  L_main32
  L_main33
  L_main34
  L_main35
  L_main36
  L_main37
  L_main38
  L_main39
  L_main40
  L_main41
  L_main42
  L_main43
  L_main44
  L_main45
  L_main46
  L_main47
  L_main48
  L_main49
  L_main50
  L_main51
  L_main52
  L_main53
  L_main54
  L_main55
  L_main56
  L_main57
  L_main58
  L_main59
  L_main60
  L_main61
  L_main62
  L_main63
  L_main64
  L_main65
  L_main66
  L_main67
  L_main68
  L_main69
  L_main70
  L_main71
  L_DelayMs72
  L_DelayMs73
  L__inputNumber74
  L__main75
  L__main76
  L__main77
  L__main78
  _inputNumber
  L__inputNumber79
  _intToString
  _main
  L__main80
  L__main81
  _DelayMs
  L__DelayMs82
  _Timer1InterruptHandler
  _INT0_Interrupt
  L_init0
  L_init1
  L_init2
  L_init3
  L_init4
  L_init5
  L_init6
  L_init7
  L_init8
  L_init9
  L_init10
  L_init11
  L_init12
  L_init13
  L_init14
  L_init15
  L_init16
  L_init17
  L_ScanKbd18
  L_ScanKbd19
  L_ScanKbd20
  L_ScanKbd21
  L_ScanKbd22
  L_ScanKbd23
  L_ScanKbd24
  L_ScanKbd25
  L_ScanKbd26
  L_ScanKbd27
  L_ScanKbd28
  L_ScanKbd29
  L_clear_lcd30
  L_clear_lcd31
  L_clear_lcd32
  L_outcw33
  L_outcw34
  L_outcw35
  L_outcw36
  L_outcw37
  L_outcw38
  L_outcw39
  L_outcw40
  L_outcw41
  L_outd42
  L_outd43
  L_outd44
  L__outcw45
  _init
  _ScanKbd
  _clear_lcd
  _outcw
  _outd
  L_abs0
  L___Lib_CStdlib_strtod1
  L___Lib_CStdlib_strtod2
  L___Lib_CStdlib_strtod3
  L___Lib_CStdlib_strtod4
  L___Lib_CStdlib_strtod5
  L___Lib_CStdlib_strtod6
  L___Lib_CStdlib_strtod7
  L___Lib_CStdlib_strtod8
  L___Lib_CStdlib_strtod9
  L___Lib_CStdlib_strtod10
  L___Lib_CStdlib_strtod11
  L___Lib_CStdlib_strtod12
  L___Lib_CStdlib_strtod13
  L___Lib_CStdlib_strtod14
  L___Lib_CStdlib_strtod15
  L___Lib_CStdlib_strtod16
  L___Lib_CStdlib_strtod17
  L___Lib_CStdlib_strtod18
  L___Lib_CStdlib_strtod19
  L___Lib_CStdlib_strtod20
  L___Lib_CStdlib_strtod21
  L___Lib_CStdlib_strtod22
  L___Lib_CStdlib_strtod23
  L___Lib_CStdlib_strtod24
  L___Lib_CStdlib_strtod25
  L___Lib_CStdlib_strtod26
  L___Lib_CStdlib_strtod27
  L___Lib_CStdlib_strtod28
  L___Lib_CStdlib_strtod29
  L___Lib_CStdlib_strtod30
  L___Lib_CStdlib_strtod31
  L___Lib_CStdlib_strtod32
  L___Lib_CStdlib_strtod33
  L___Lib_CStdlib_strtod34
  L___Lib_CStdlib_strtod35
  L___Lib_CStdlib_strtod36
  L___Lib_CStdlib_strtod37
  L___Lib_CStdlib_strtod38
  L___Lib_CStdlib_strtod39
  L___Lib_CStdlib_strtod40
  L___Lib_CStdlib_strtod41
  L___Lib_CStdlib_strtod42
  L___Lib_CStdlib_strtod43
  L___Lib_CStdlib_strtod44
  L___Lib_CStdlib_strtod45
  L___Lib_CStdlib_strtod46
  L___Lib_CStdlib_strtod47
  L___Lib_CStdlib_strtod48
  L___Lib_CStdlib_strtod49
  L___Lib_CStdlib_strtod50
  L___Lib_CStdlib_strtod51
  L___Lib_CStdlib_strtod52
  ___atoi_skipws_atoi
  L_atoi53
  L_atoi54
  L_atoi55
  L_atoi56
  L_atoi57
  L_atoi58
  ___atoi_conv_atoi
  L_atoi59
  L_atoi60
  ___atol_skipws_atol
  L_atol61
  L_atol62
  L_atol63
  L_atol64
  L_atol65
  L_atol66
  ___atol_conv_atol
  L_atol67
  L_atol68
  L_div69
  L_ldiv70
  L_uldiv71
  L_labs72
  L_max73
  L_min74
  L_rand75
  L_xtoi76
  L_xtoi77
  L_xtoi78
  L_xtoi79
  L_xtoi80
  L_xtoi81
  L_xtoi82
  L_xtoi83
  L_xtoi84
  L_xtoi85
  L_xtoi86
  L___Lib_CStdlib_strtod87
  L___Lib_CStdlib_strtod88
  L___Lib_CStdlib_strtod89
  L__atoi90
  L__atol91
  _abs
  __Lib_CStdlib_strtod
  L___Lib_CStdlib_strtod92
  L___Lib_CStdlib_strtod93
  L___Lib_CStdlib_strtod94
  L___Lib_CStdlib_strtod95
  L___Lib_CStdlib_strtod96
  L___Lib_CStdlib_strtod97
  L___Lib_CStdlib_strtod98
  L___Lib_CStdlib_strtod99
  L___Lib_CStdlib_strtod100
  _atof
  _atoi
  L__atoi101
  L__atoi102
  L__atoi103
  L__atoi104
  _atol
  L__atol105
  L__atol106
  _div
  _ldiv
  _uldiv
  _labs
  _max
  _min
  _srand
  _rand
  _xtoi
  L__xtoi107
  L__xtoi108
  L_islower0
  L_islower1
  L_isupper2
  L_isupper3
  L_isalpha4
  L_isalpha5
  L_iscntrl6
  L_iscntrl7
  L_isdigit8
  L_isdigit9
  L_isalnum10
  L_isalnum11
  L_isspace12
  L_isspace13
  L_isspace14
  L_isspace15
  L_ispunct16
  L_ispunct17
  L_ispunct18
  L_ispunct19
  L_ispunct20
  L_ispunct21
  L_ispunct22
  L_ispunct23
  L_isgraph24
  L_isgraph25
  L_isxdigit26
  L_isxdigit27
  L_isxdigit28
  L_isxdigit29
  L_tolower30
  L_tolower31
  L_tolower32
  L_toupper33
  L_toupper34
  L_toupper35
  L__isspace36
  L__tolower37
  L__toupper38
  _islower
  _isupper
  _isalpha
  _iscntrl
  _isdigit
  _isalnum
  _isspace
  _ispunct
  _isgraph
  _isxdigit
  _tolower
  _toupper
  lab_end
  loop_lab
  lab_end1
  lab_loop1
  lab_end2
  lab_loop3
  __Div_8x8_S_Bpositive
  __Div_8x8_S_Apositive
  __Div_8x8_S_Skip_Div
  __Div_8x8_S_div_ret
  __op2hi_not_zero
  __op1hi_not_zero
  __Div_16x16_U_Loop1
  __Div_16x16_U_Lab1
  __Div_16x16_U_div_ret
  __Div_16x16_U_Loop2
  __Div_16x16_U_Lab2
  __Div_16x16_U_Lab3
  __Div_16x16_S_op2hipositive
  __Div_16x16_S_op1hipositive
  __Div_16x16_S_Skip_Udiv
  __Div_16x16_S_div_ret
  __Div_32x32_U_start
  __Div_32x32_U_aux
  __Div_32x32_U_l2
  __Div_32x32_U_l1
  lw_1
  lw_2
  __Div_32x32_U_l3
  lw_3
  __Div_32x32_U_l4
  __Div_32x32_U_IR_l0
  __Div_32x32_U_l5
  __Div_32x32_U_l6
  __Div_32x32_U_l8
  __Div_32x32_U_l7
  __Div_32x32_U_IR_l1
  __Div_32x32_U_l10
  __Div_32x32_U_l9
  __Div_32x32_U_IR_l2
  __Div_32x32_S_l1
  __Div_32x32_S_call_uns
  __Div_32x32_S_l2
  __Div_32x32_S_l3
  __Div_32x32_S_div_ret
  __shl_long
  __shr_longint
  __shr_longword
  _Mul_16x16
  _Mul_32x32
  _Div_8x8_S
  _Div_16x16_U
  _Div_16x16_S
  _Div_32x32_U
  _Div_32x32_S
  _CC2D_Loop1
  _CC2PD_Loop1
  _CC2XD_Loop1
  ___DoIFC
  ___CC2D
  ___CC2PD
  ___CC2XD
  L_inputNumber0
  L_inputNumber1
  L_inputNumber2
  L_intToString3
  L_intToString4
  L_intToString5
  L_intToString6
  L_main7
  L_main8
  L_main9
  L_main10
  L_main11
  L_main12
  L_main13
  L_main14
  L_main15
  L_main16
  L_main17
  L_main18
  L_main19
  L_main20
  L_main21
  L_main22
  L_main23
  L_main24
  L_main25
  L_main26
  L_main27
  L_main28
  L_main29
  L_main30
  L_main31
  L_main32
  L_main33
  L_main34
  L_main35
  L_main36
  L_main37
  L_main38
  L_main39
  L_main40
  L_main41
  L_main42
  L_main43
  L_main44
  L_main45
  L_main46
  L_main47
  L_main48
  L_main49
  L_main50
  L_main51
  L_main52
  L_main53
  L_main54
  L_main55
  L_main56
  L_main57
  L_main58
  L_main59
  L_main60
  L_main61
  L_main62
  L_main63
  L_main64
  L_main65
  L_main66
  L_main67
  L_main68
  L_main69
  L_main70
  L_main71
  L_DelayMs72
  L_DelayMs73
  L__inputNumber74
  L__main75
  L__main76
  L__main77
  L__main78
  _inputNumber
  L__inputNumber79
  _intToString
  _main
  L__main80
  L__main81
  _DelayMs
  L__DelayMs82
  _Timer1InterruptHandler
  _INT0_Interrupt
  L_inputNumber0
  L_inputNumber1
  L_inputNumber2
  L_intToString3
  L_intToString4
  L_intToString5
  L_intToString6
  L_main7
  L_main8
  L_main9
  L_main10
  L_main11
  L_main12
  L_main13
  L_main14
  L_main15
  L_main16
  L_main17
  L_main18
  L_main19
  L_main20
  L_main21
  L_main22
  L_main23
  L_main24
  L_main25
  L_main26
  L_main27
  L_main28
  L_main29
  L_main30
  L_main31
  L_main32
  L_main33
  L_main34
  L_main35
  L_main36
  L_main37
  L_main38
  L_main39
  L_main40
  L_main41
  L_main42
  L_main43
  L_main44
  L_main45
  L_main46
  L_main47
  L_main48
  L_main49
  L_main50
  L_main51
  L_main52
  L_main53
  L_main54
  L_main55
  L_main56
  L_main57
  L_main58
  L_main59
  L_main60
  L_main61
  L_main62
  L_main63
  L_main64
  L_main65
  L_main66
  L_main67
  L_main68
  L_main69
  L_main70
  L_main71
  L_DelayMs72
  L_DelayMs73
  L__inputNumber74
  L__main75
  L__main76
  L__main77
  L__main78
  _inputNumber
  L__inputNumber79
  _intToString
  _main
  L__main80
  L__main81
  _DelayMs
  L__DelayMs82
  _Timer1InterruptHandler
  _INT0_Interrupt
