;  LST file generated by mikroListExporter - v.2.0 
; Date/Time: 14.11.2025 16:10:49
;----------------------------------------------

;Address Opcode 	ASM
0x0000	0x0205C9  	LJMP 1481
0x0003	0x020578  	LJMP 1400
0x0006	0x00      	NOP
0x0007	0x00      	NOP
0x0008	0x00      	NOP
0x0009	0x00      	NOP
0x000A	0x00      	NOP
0x000B	0x020000  	LJMP 0
0x000E	0x00      	NOP
0x000F	0x00      	NOP
0x0010	0x00      	NOP
0x0011	0x00      	NOP
0x0012	0x00      	NOP
0x0013	0x0206F4  	LJMP 1780
0x0016	0x00      	NOP
0x0017	0x00      	NOP
0x0018	0x00      	NOP
0x0019	0x00      	NOP
0x001A	0x00      	NOP
0x001B	0x020598  	LJMP 1432
0x001E	0x00      	NOP
0x001F	0x00      	NOP
0x0020	0x00      	NOP
0x0021	0x00      	NOP
0x0022	0x00      	NOP
0x0023	0x020000  	LJMP 0
_translate:
;Drv.c,87 :: 		unsigned char translate(unsigned char c){
;Drv.c,88 :: 		switch (c){
0x0026	0x01F1    	AJMP L_translate30
;Drv.c,89 :: 		case 'А': return 'A';
L_translate32:
0x0028	0x7841    	MOV R0, #65
0x002A	0x22      	RET
;Drv.c,90 :: 		case 'Б': return 0xA0;
L_translate33:
0x002B	0x78A0    	MOV R0, #160
0x002D	0x22      	RET
;Drv.c,91 :: 		case 'В': return 'B';
L_translate34:
0x002E	0x7842    	MOV R0, #66
0x0030	0x22      	RET
;Drv.c,92 :: 		case 'Г': return 0xA1;
L_translate35:
0x0031	0x78A1    	MOV R0, #161
0x0033	0x22      	RET
;Drv.c,93 :: 		case 'Д': return 0xE0;
L_translate36:
0x0034	0x78E0    	MOV R0, #224
0x0036	0x22      	RET
;Drv.c,94 :: 		case 'Е': return 'E';
L_translate37:
0x0037	0x7845    	MOV R0, #69
0x0039	0x22      	RET
;Drv.c,95 :: 		case 'Ё': return 0xA2;
L_translate38:
0x003A	0x78A2    	MOV R0, #162
0x003C	0x22      	RET
;Drv.c,96 :: 		case 'Ж': return 0xA3;
L_translate39:
0x003D	0x78A3    	MOV R0, #163
0x003F	0x22      	RET
;Drv.c,97 :: 		case 'З': return 0xA4;
L_translate40:
0x0040	0x78A4    	MOV R0, #164
0x0042	0x22      	RET
;Drv.c,98 :: 		case 'И': return 0xA5;
L_translate41:
0x0043	0x78A5    	MOV R0, #165
0x0045	0x22      	RET
;Drv.c,99 :: 		case 'Й': return 0xA6;
L_translate42:
0x0046	0x78A6    	MOV R0, #166
0x0048	0x22      	RET
;Drv.c,100 :: 		case 'К': return 'K';
L_translate43:
0x0049	0x784B    	MOV R0, #75
0x004B	0x22      	RET
;Drv.c,101 :: 		case 'Л': return 0xA7;
L_translate44:
0x004C	0x78A7    	MOV R0, #167
0x004E	0x22      	RET
;Drv.c,102 :: 		case 'М': return 'M';
L_translate45:
0x004F	0x784D    	MOV R0, #77
0x0051	0x22      	RET
;Drv.c,103 :: 		case 'Н': return 'H';
L_translate46:
0x0052	0x7848    	MOV R0, #72
0x0054	0x22      	RET
;Drv.c,104 :: 		case 'О': return 'O';
L_translate47:
0x0055	0x784F    	MOV R0, #79
0x0057	0x22      	RET
;Drv.c,105 :: 		case 'П': return 0xA8;
L_translate48:
0x0058	0x78A8    	MOV R0, #168
0x005A	0x22      	RET
;Drv.c,106 :: 		case 'Р': return 'P';
L_translate49:
0x005B	0x7850    	MOV R0, #80
0x005D	0x22      	RET
;Drv.c,107 :: 		case 'С': return 'C';
L_translate50:
0x005E	0x7843    	MOV R0, #67
0x0060	0x22      	RET
;Drv.c,108 :: 		case 'Т': return 'T';
L_translate51:
0x0061	0x7854    	MOV R0, #84
0x0063	0x22      	RET
;Drv.c,109 :: 		case 'У': return 0xA9;
L_translate52:
0x0064	0x78A9    	MOV R0, #169
0x0066	0x22      	RET
;Drv.c,110 :: 		case 'Ф': return 0xAA;
L_translate53:
0x0067	0x78AA    	MOV R0, #170
0x0069	0x22      	RET
;Drv.c,111 :: 		case 'Х': return 'X';
L_translate54:
0x006A	0x7858    	MOV R0, #88
0x006C	0x22      	RET
;Drv.c,112 :: 		case 'Ц': return 0xE1;
L_translate55:
0x006D	0x78E1    	MOV R0, #225
0x006F	0x22      	RET
;Drv.c,113 :: 		case 'Ч': return 0xAB;
L_translate56:
0x0070	0x78AB    	MOV R0, #171
0x0072	0x22      	RET
;Drv.c,114 :: 		case 'Ш': return 0xAC;
L_translate57:
0x0073	0x78AC    	MOV R0, #172
0x0075	0x22      	RET
;Drv.c,115 :: 		case 'Щ': return 0xE2;
L_translate58:
0x0076	0x78E2    	MOV R0, #226
0x0078	0x22      	RET
;Drv.c,116 :: 		case 'Ъ': return 0xAD;
L_translate59:
0x0079	0x78AD    	MOV R0, #173
0x007B	0x22      	RET
;Drv.c,117 :: 		case 'Ы': return 0xAE;
L_translate60:
0x007C	0x78AE    	MOV R0, #174
0x007E	0x22      	RET
;Drv.c,118 :: 		case 'Ь': return 'b';
L_translate61:
0x007F	0x7862    	MOV R0, #98
0x0081	0x22      	RET
;Drv.c,119 :: 		case 'Э': return 0xAF;
L_translate62:
0x0082	0x78AF    	MOV R0, #175
0x0084	0x22      	RET
;Drv.c,120 :: 		case 'Ю': return 0xB0;
L_translate63:
0x0085	0x78B0    	MOV R0, #176
0x0087	0x22      	RET
;Drv.c,121 :: 		case 'Я': return 0xB1;
L_translate64:
0x0088	0x78B1    	MOV R0, #177
0x008A	0x22      	RET
;Drv.c,122 :: 		case 'а': return 'a';
L_translate65:
0x008B	0x7861    	MOV R0, #97
0x008D	0x22      	RET
;Drv.c,123 :: 		case 'б': return 0xB2;
L_translate66:
0x008E	0x78B2    	MOV R0, #178
0x0090	0x22      	RET
;Drv.c,124 :: 		case 'в': return 0xB3;
L_translate67:
0x0091	0x78B3    	MOV R0, #179
0x0093	0x22      	RET
;Drv.c,125 :: 		case 'г': return 0xB4;
L_translate68:
0x0094	0x78B4    	MOV R0, #180
0x0096	0x22      	RET
;Drv.c,126 :: 		case 'д': return 0xE3;
L_translate69:
0x0097	0x78E3    	MOV R0, #227
0x0099	0x22      	RET
;Drv.c,127 :: 		case 'е': return 'e';
L_translate70:
0x009A	0x7865    	MOV R0, #101
0x009C	0x22      	RET
;Drv.c,128 :: 		case 'ё': return 0xB5;
L_translate71:
0x009D	0x78B5    	MOV R0, #181
0x009F	0x22      	RET
;Drv.c,129 :: 		case 'ж': return 0xB6;
L_translate72:
0x00A0	0x78B6    	MOV R0, #182
0x00A2	0x22      	RET
;Drv.c,130 :: 		case 'з': return 0xB7;
L_translate73:
0x00A3	0x78B7    	MOV R0, #183
0x00A5	0x22      	RET
;Drv.c,131 :: 		case 'и': return 0xB8;
L_translate74:
0x00A6	0x78B8    	MOV R0, #184
0x00A8	0x22      	RET
;Drv.c,132 :: 		case 'й': return 0xB9;
L_translate75:
0x00A9	0x78B9    	MOV R0, #185
0x00AB	0x22      	RET
;Drv.c,133 :: 		case 'к': return 0xBA;
L_translate76:
0x00AC	0x78BA    	MOV R0, #186
0x00AE	0x22      	RET
;Drv.c,134 :: 		case 'л': return 0xBB;
L_translate77:
0x00AF	0x78BB    	MOV R0, #187
0x00B1	0x22      	RET
;Drv.c,135 :: 		case 'м': return 0xBC;
L_translate78:
0x00B2	0x78BC    	MOV R0, #188
0x00B4	0x22      	RET
;Drv.c,136 :: 		case 'н': return 0xBD;
L_translate79:
0x00B5	0x78BD    	MOV R0, #189
0x00B7	0x22      	RET
;Drv.c,137 :: 		case 'о': return 'o';
L_translate80:
0x00B8	0x786F    	MOV R0, #111
0x00BA	0x22      	RET
;Drv.c,138 :: 		case 'п': return 0xBE;
L_translate81:
0x00BB	0x78BE    	MOV R0, #190
0x00BD	0x22      	RET
;Drv.c,139 :: 		case 'р': return 'p';
L_translate82:
0x00BE	0x7870    	MOV R0, #112
0x00C0	0x22      	RET
;Drv.c,140 :: 		case 'с': return 'c';
L_translate83:
0x00C1	0x7863    	MOV R0, #99
0x00C3	0x22      	RET
;Drv.c,141 :: 		case 'т': return 0xBF;
L_translate84:
0x00C4	0x78BF    	MOV R0, #191
0x00C6	0x22      	RET
;Drv.c,142 :: 		case 'у': return 'y';
L_translate85:
0x00C7	0x7879    	MOV R0, #121
0x00C9	0x22      	RET
;Drv.c,143 :: 		case 'ф': return 0xE4;
L_translate86:
0x00CA	0x78E4    	MOV R0, #228
0x00CC	0x22      	RET
;Drv.c,144 :: 		case 'х': return 'x';
L_translate87:
0x00CD	0x7878    	MOV R0, #120
0x00CF	0x22      	RET
;Drv.c,145 :: 		case 'ц': return 0xE5;
L_translate88:
0x00D0	0x78E5    	MOV R0, #229
0x00D2	0x22      	RET
;Drv.c,146 :: 		case 'ч': return 0xC0;
L_translate89:
0x00D3	0x78C0    	MOV R0, #192
0x00D5	0x22      	RET
;Drv.c,147 :: 		case 'ш': return 0xC1;
L_translate90:
0x00D6	0x78C1    	MOV R0, #193
0x00D8	0x22      	RET
;Drv.c,148 :: 		case 'щ': return 0xE6;
L_translate91:
0x00D9	0x78E6    	MOV R0, #230
0x00DB	0x22      	RET
;Drv.c,149 :: 		case 'ъ': return 0xC2;
L_translate92:
0x00DC	0x78C2    	MOV R0, #194
0x00DE	0x22      	RET
;Drv.c,150 :: 		case 'ы': return 0xC3;
L_translate93:
0x00DF	0x78C3    	MOV R0, #195
0x00E1	0x22      	RET
;Drv.c,151 :: 		case 'ь': return 0xC4;
L_translate94:
0x00E2	0x78C4    	MOV R0, #196
0x00E4	0x22      	RET
;Drv.c,152 :: 		case 'э': return 0xC5;
L_translate95:
0x00E5	0x78C5    	MOV R0, #197
0x00E7	0x22      	RET
;Drv.c,153 :: 		case 'ю': return 0xC6;
L_translate96:
0x00E8	0x78C6    	MOV R0, #198
0x00EA	0x22      	RET
;Drv.c,154 :: 		case 'я': return 0xC7;
L_translate97:
0x00EB	0x78C7    	MOV R0, #199
0x00ED	0x22      	RET
;Drv.c,155 :: 		default: return c;
L_translate98:
0x00EE	0xA80F    	MOV R0, FARG_translate_c
0x00F0	0x22      	RET
;Drv.c,156 :: 		}
L_translate30:
0x00F1	0xE50F    	MOV A, FARG_translate_c
0x00F3	0x64C0    	XRL A, #192
0x00F5	0x7002    	JNZ #2
0x00F7	0x0128    	AJMP L_translate32
0x00F9	0xE50F    	MOV A, FARG_translate_c
0x00FB	0x64C1    	XRL A, #193
0x00FD	0x7002    	JNZ #2
0x00FF	0x012B    	AJMP L_translate33
0x0101	0xE50F    	MOV A, FARG_translate_c
0x0103	0x64C2    	XRL A, #194
0x0105	0x7002    	JNZ #2
0x0107	0x012E    	AJMP L_translate34
0x0109	0xE50F    	MOV A, FARG_translate_c
0x010B	0x64C3    	XRL A, #195
0x010D	0x7002    	JNZ #2
0x010F	0x0131    	AJMP L_translate35
0x0111	0xE50F    	MOV A, FARG_translate_c
0x0113	0x64C4    	XRL A, #196
0x0115	0x7002    	JNZ #2
0x0117	0x0134    	AJMP L_translate36
0x0119	0xE50F    	MOV A, FARG_translate_c
0x011B	0x64C5    	XRL A, #197
0x011D	0x7002    	JNZ #2
0x011F	0x0137    	AJMP L_translate37
0x0121	0xE50F    	MOV A, FARG_translate_c
0x0123	0x64A8    	XRL A, #168
0x0125	0x7002    	JNZ #2
0x0127	0x013A    	AJMP L_translate38
0x0129	0xE50F    	MOV A, FARG_translate_c
0x012B	0x64C6    	XRL A, #198
0x012D	0x7002    	JNZ #2
0x012F	0x013D    	AJMP L_translate39
0x0131	0xE50F    	MOV A, FARG_translate_c
0x0133	0x64C7    	XRL A, #199
0x0135	0x7002    	JNZ #2
0x0137	0x0140    	AJMP L_translate40
0x0139	0xE50F    	MOV A, FARG_translate_c
0x013B	0x64C8    	XRL A, #200
0x013D	0x7002    	JNZ #2
0x013F	0x0143    	AJMP L_translate41
0x0141	0xE50F    	MOV A, FARG_translate_c
0x0143	0x64C9    	XRL A, #201
0x0145	0x7002    	JNZ #2
0x0147	0x0146    	AJMP L_translate42
0x0149	0xE50F    	MOV A, FARG_translate_c
0x014B	0x64CA    	XRL A, #202
0x014D	0x7002    	JNZ #2
0x014F	0x0149    	AJMP L_translate43
0x0151	0xE50F    	MOV A, FARG_translate_c
0x0153	0x64CB    	XRL A, #203
0x0155	0x7002    	JNZ #2
0x0157	0x014C    	AJMP L_translate44
0x0159	0xE50F    	MOV A, FARG_translate_c
0x015B	0x64CC    	XRL A, #204
0x015D	0x7002    	JNZ #2
0x015F	0x014F    	AJMP L_translate45
0x0161	0xE50F    	MOV A, FARG_translate_c
0x0163	0x64CD    	XRL A, #205
0x0165	0x7002    	JNZ #2
0x0167	0x0152    	AJMP L_translate46
0x0169	0xE50F    	MOV A, FARG_translate_c
0x016B	0x64CE    	XRL A, #206
0x016D	0x7002    	JNZ #2
0x016F	0x0155    	AJMP L_translate47
0x0171	0xE50F    	MOV A, FARG_translate_c
0x0173	0x64CF    	XRL A, #207
0x0175	0x7002    	JNZ #2
0x0177	0x0158    	AJMP L_translate48
0x0179	0xE50F    	MOV A, FARG_translate_c
0x017B	0x64D0    	XRL A, #208
0x017D	0x7002    	JNZ #2
0x017F	0x015B    	AJMP L_translate49
0x0181	0xE50F    	MOV A, FARG_translate_c
0x0183	0x64D1    	XRL A, #209
0x0185	0x7002    	JNZ #2
0x0187	0x015E    	AJMP L_translate50
0x0189	0xE50F    	MOV A, FARG_translate_c
0x018B	0x64D2    	XRL A, #210
0x018D	0x7002    	JNZ #2
0x018F	0x0161    	AJMP L_translate51
0x0191	0xE50F    	MOV A, FARG_translate_c
0x0193	0x64D3    	XRL A, #211
0x0195	0x7002    	JNZ #2
0x0197	0x0164    	AJMP L_translate52
0x0199	0xE50F    	MOV A, FARG_translate_c
0x019B	0x64D4    	XRL A, #212
0x019D	0x7002    	JNZ #2
0x019F	0x0167    	AJMP L_translate53
0x01A1	0xE50F    	MOV A, FARG_translate_c
0x01A3	0x64D5    	XRL A, #213
0x01A5	0x7002    	JNZ #2
0x01A7	0x016A    	AJMP L_translate54
0x01A9	0xE50F    	MOV A, FARG_translate_c
0x01AB	0x64D6    	XRL A, #214
0x01AD	0x7002    	JNZ #2
0x01AF	0x016D    	AJMP L_translate55
0x01B1	0xE50F    	MOV A, FARG_translate_c
0x01B3	0x64D7    	XRL A, #215
0x01B5	0x7002    	JNZ #2
0x01B7	0x0170    	AJMP L_translate56
0x01B9	0xE50F    	MOV A, FARG_translate_c
0x01BB	0x64D8    	XRL A, #216
0x01BD	0x7002    	JNZ #2
0x01BF	0x0173    	AJMP L_translate57
0x01C1	0xE50F    	MOV A, FARG_translate_c
0x01C3	0x64D9    	XRL A, #217
0x01C5	0x7002    	JNZ #2
0x01C7	0x0176    	AJMP L_translate58
0x01C9	0xE50F    	MOV A, FARG_translate_c
0x01CB	0x64DA    	XRL A, #218
0x01CD	0x7002    	JNZ #2
0x01CF	0x0179    	AJMP L_translate59
0x01D1	0xE50F    	MOV A, FARG_translate_c
0x01D3	0x64DB    	XRL A, #219
0x01D5	0x7002    	JNZ #2
0x01D7	0x017C    	AJMP L_translate60
0x01D9	0xE50F    	MOV A, FARG_translate_c
0x01DB	0x64DC    	XRL A, #220
0x01DD	0x7002    	JNZ #2
0x01DF	0x017F    	AJMP L_translate61
0x01E1	0xE50F    	MOV A, FARG_translate_c
0x01E3	0x64DD    	XRL A, #221
0x01E5	0x7002    	JNZ #2
0x01E7	0x0182    	AJMP L_translate62
0x01E9	0xE50F    	MOV A, FARG_translate_c
0x01EB	0x64DE    	XRL A, #222
0x01ED	0x7002    	JNZ #2
0x01EF	0x0185    	AJMP L_translate63
0x01F1	0xE50F    	MOV A, FARG_translate_c
0x01F3	0x64DF    	XRL A, #223
0x01F5	0x7002    	JNZ #2
0x01F7	0x0188    	AJMP L_translate64
0x01F9	0xE50F    	MOV A, FARG_translate_c
0x01FB	0x64E0    	XRL A, #224
0x01FD	0x7002    	JNZ #2
0x01FF	0x018B    	AJMP L_translate65
0x0201	0xE50F    	MOV A, FARG_translate_c
0x0203	0x64E1    	XRL A, #225
0x0205	0x7002    	JNZ #2
0x0207	0x018E    	AJMP L_translate66
0x0209	0xE50F    	MOV A, FARG_translate_c
0x020B	0x64E2    	XRL A, #226
0x020D	0x7002    	JNZ #2
0x020F	0x0191    	AJMP L_translate67
0x0211	0xE50F    	MOV A, FARG_translate_c
0x0213	0x64E3    	XRL A, #227
0x0215	0x7002    	JNZ #2
0x0217	0x0194    	AJMP L_translate68
0x0219	0xE50F    	MOV A, FARG_translate_c
0x021B	0x64E4    	XRL A, #228
0x021D	0x7002    	JNZ #2
0x021F	0x0197    	AJMP L_translate69
0x0221	0xE50F    	MOV A, FARG_translate_c
0x0223	0x64E5    	XRL A, #229
0x0225	0x7002    	JNZ #2
0x0227	0x019A    	AJMP L_translate70
0x0229	0xE50F    	MOV A, FARG_translate_c
0x022B	0x64B8    	XRL A, #184
0x022D	0x7002    	JNZ #2
0x022F	0x019D    	AJMP L_translate71
0x0231	0xE50F    	MOV A, FARG_translate_c
0x0233	0x64E6    	XRL A, #230
0x0235	0x7002    	JNZ #2
0x0237	0x01A0    	AJMP L_translate72
0x0239	0xE50F    	MOV A, FARG_translate_c
0x023B	0x64E7    	XRL A, #231
0x023D	0x7002    	JNZ #2
0x023F	0x01A3    	AJMP L_translate73
0x0241	0xE50F    	MOV A, FARG_translate_c
0x0243	0x64E8    	XRL A, #232
0x0245	0x7002    	JNZ #2
0x0247	0x01A6    	AJMP L_translate74
0x0249	0xE50F    	MOV A, FARG_translate_c
0x024B	0x64E9    	XRL A, #233
0x024D	0x7002    	JNZ #2
0x024F	0x01A9    	AJMP L_translate75
0x0251	0xE50F    	MOV A, FARG_translate_c
0x0253	0x64EA    	XRL A, #234
0x0255	0x7002    	JNZ #2
0x0257	0x01AC    	AJMP L_translate76
0x0259	0xE50F    	MOV A, FARG_translate_c
0x025B	0x64EB    	XRL A, #235
0x025D	0x7002    	JNZ #2
0x025F	0x01AF    	AJMP L_translate77
0x0261	0xE50F    	MOV A, FARG_translate_c
0x0263	0x64EC    	XRL A, #236
0x0265	0x7002    	JNZ #2
0x0267	0x01B2    	AJMP L_translate78
0x0269	0xE50F    	MOV A, FARG_translate_c
0x026B	0x64ED    	XRL A, #237
0x026D	0x7002    	JNZ #2
0x026F	0x01B5    	AJMP L_translate79
0x0271	0xE50F    	MOV A, FARG_translate_c
0x0273	0x64EE    	XRL A, #238
0x0275	0x7002    	JNZ #2
0x0277	0x01B8    	AJMP L_translate80
0x0279	0xE50F    	MOV A, FARG_translate_c
0x027B	0x64EF    	XRL A, #239
0x027D	0x7002    	JNZ #2
0x027F	0x01BB    	AJMP L_translate81
0x0281	0xE50F    	MOV A, FARG_translate_c
0x0283	0x64F0    	XRL A, #240
0x0285	0x7002    	JNZ #2
0x0287	0x01BE    	AJMP L_translate82
0x0289	0xE50F    	MOV A, FARG_translate_c
0x028B	0x64F1    	XRL A, #241
0x028D	0x7002    	JNZ #2
0x028F	0x01C1    	AJMP L_translate83
0x0291	0xE50F    	MOV A, FARG_translate_c
0x0293	0x64F2    	XRL A, #242
0x0295	0x7002    	JNZ #2
0x0297	0x01C4    	AJMP L_translate84
0x0299	0xE50F    	MOV A, FARG_translate_c
0x029B	0x64F3    	XRL A, #243
0x029D	0x7002    	JNZ #2
0x029F	0x01C7    	AJMP L_translate85
0x02A1	0xE50F    	MOV A, FARG_translate_c
0x02A3	0x64F4    	XRL A, #244
0x02A5	0x7002    	JNZ #2
0x02A7	0x01CA    	AJMP L_translate86
0x02A9	0xE50F    	MOV A, FARG_translate_c
0x02AB	0x64F5    	XRL A, #245
0x02AD	0x7002    	JNZ #2
0x02AF	0x01CD    	AJMP L_translate87
0x02B1	0xE50F    	MOV A, FARG_translate_c
0x02B3	0x64F6    	XRL A, #246
0x02B5	0x7002    	JNZ #2
0x02B7	0x01D0    	AJMP L_translate88
0x02B9	0xE50F    	MOV A, FARG_translate_c
0x02BB	0x64F7    	XRL A, #247
0x02BD	0x7002    	JNZ #2
0x02BF	0x01D3    	AJMP L_translate89
0x02C1	0xE50F    	MOV A, FARG_translate_c
0x02C3	0x64F8    	XRL A, #248
0x02C5	0x7002    	JNZ #2
0x02C7	0x01D6    	AJMP L_translate90
0x02C9	0xE50F    	MOV A, FARG_translate_c
0x02CB	0x64F9    	XRL A, #249
0x02CD	0x7002    	JNZ #2
0x02CF	0x01D9    	AJMP L_translate91
0x02D1	0xE50F    	MOV A, FARG_translate_c
0x02D3	0x64FA    	XRL A, #250
0x02D5	0x7002    	JNZ #2
0x02D7	0x01DC    	AJMP L_translate92
0x02D9	0xE50F    	MOV A, FARG_translate_c
0x02DB	0x64FB    	XRL A, #251
0x02DD	0x7002    	JNZ #2
0x02DF	0x01DF    	AJMP L_translate93
0x02E1	0xE50F    	MOV A, FARG_translate_c
0x02E3	0x64FC    	XRL A, #252
0x02E5	0x7002    	JNZ #2
0x02E7	0x01E2    	AJMP L_translate94
0x02E9	0xE50F    	MOV A, FARG_translate_c
0x02EB	0x64FD    	XRL A, #253
0x02ED	0x7002    	JNZ #2
0x02EF	0x01E5    	AJMP L_translate95
0x02F1	0xE50F    	MOV A, FARG_translate_c
0x02F3	0x64FE    	XRL A, #254
0x02F5	0x7002    	JNZ #2
0x02F7	0x01E8    	AJMP L_translate96
0x02F9	0xE50F    	MOV A, FARG_translate_c
0x02FB	0x64FF    	XRL A, #255
0x02FD	0x7002    	JNZ #2
0x02FF	0x01EB    	AJMP L_translate97
0x0301	0x01EE    	AJMP L_translate98
;Drv.c,157 :: 		}
0x0303	0x22      	RET
; end of _translate
_outd:
;Drv.c,198 :: 		void outd(unsigned char c){
;Drv.c,200 :: 		c=translate(c);
0x0304	0x850B0F  	MOV FARG_translate_c, FARG_outd_c+0
0x0307	0x1126    	ACALL _translate
0x0309	0x85000B  	MOV FARG_outd_c, 0
;Drv.c,201 :: 		RS = 1;
0x030C	0xD3      	SETB C
0x030D	0xE5B0    	MOV A, P3_6_bit
0x030F	0x92E6    	MOV #224.B6, C
0x0311	0xF5B0    	MOV P3_6_bit, A
;Drv.c,202 :: 		DB = c;
0x0313	0x8500A0  	MOV P2, 0
;Drv.c,203 :: 		E = 1;
0x0316	0xD3      	SETB C
0x0317	0xE5B0    	MOV A, P3_7_bit
0x0319	0x92E7    	MOV #224.B7, C
0x031B	0xF5B0    	MOV P3_7_bit, A
;Drv.c,204 :: 		E = 2;
0x031D	0xC3      	CLR C
0x031E	0xE5B0    	MOV A, P3_7_bit
0x0320	0x92E7    	MOV #224.B7, C
0x0322	0xF5B0    	MOV P3_7_bit, A
;Drv.c,205 :: 		for (i=0; i<21; i++);
0x0324	0x750C00  	MOV outd_i_L0, #0
L_outd111:
0x0327	0xC3      	CLR C
0x0328	0xE50C    	MOV A, outd_i_L0
0x032A	0x9415    	SUBB A, #21
0x032C	0x5004    	JNC L_outd112
0x032E	0x050C    	INC outd_i_L0
0x0330	0x80F5    	SJMP L_outd111
L_outd112:
;Drv.c,206 :: 		}
0x0332	0x22      	RET
; end of _outd
_DelayMs:
;Svetofor.c,114 :: 		void DelayMs(unsigned int m){  // задержка по таймеру
;Svetofor.c,115 :: 		ms=0;
0x0333	0x754200  	MOV _ms, #0
0x0336	0x754300  	MOV _ms+1, #0
;Svetofor.c,116 :: 		WMCON.WDTRST=1; // сброс сторожевого таймера
0x0339	0xD3      	SETB C
0x033A	0xE596    	MOV A, WMCON
0x033C	0x92E1    	MOV #224.B1, C
0x033E	0xF596    	MOV WMCON, A
;Svetofor.c,117 :: 		while(ms!=m) continue;
L_DelayMs26:
0x0340	0xE542    	MOV A, _ms
0x0342	0x650B    	XRL A, FARG_DelayMs_m
0x0344	0x7004    	JNZ L__DelayMs34
0x0346	0xE543    	MOV A, _ms+1
0x0348	0x650C    	XRL A, FARG_DelayMs_m+1
L__DelayMs34:
0x034A	0x6002    	JZ L_DelayMs27
0x034C	0x80F2    	SJMP L_DelayMs26
L_DelayMs27:
;Svetofor.c,118 :: 		}
0x034E	0x22      	RET
; end of _DelayMs
_outcw:
;Drv.c,186 :: 		void outcw(unsigned char c){
;Drv.c,189 :: 		RS = 0;
0x034F	0xC3      	CLR C
0x0350	0xE5B0    	MOV A, P3_6_bit
0x0352	0x92E6    	MOV #224.B6, C
0x0354	0xF5B0    	MOV P3_6_bit, A
;Drv.c,190 :: 		DB = c;
0x0356	0x850BA0  	MOV P2, FARG_outcw_c+0
;Drv.c,191 :: 		E = 1;
0x0359	0xD3      	SETB C
0x035A	0xE5B0    	MOV A, P3_7_bit
0x035C	0x92E7    	MOV #224.B7, C
0x035E	0xF5B0    	MOV P3_7_bit, A
;Drv.c,192 :: 		E = 2;
0x0360	0xC3      	CLR C
0x0361	0xE5B0    	MOV A, P3_7_bit
0x0363	0x92E7    	MOV #224.B7, C
0x0365	0xF5B0    	MOV P3_7_bit, A
;Drv.c,193 :: 		for (i=0; i<20; i++);
0x0367	0x750C00  	MOV outcw_i_L0, #0
L_outcw102:
0x036A	0xC3      	CLR C
0x036B	0xE50C    	MOV A, outcw_i_L0
0x036D	0x9414    	SUBB A, #20
0x036F	0x5004    	JNC L_outcw103
0x0371	0x050C    	INC outcw_i_L0
0x0373	0x80F5    	SJMP L_outcw102
L_outcw103:
;Drv.c,194 :: 		if (c==1||c==2||c==3)
0x0375	0xE50B    	MOV A, FARG_outcw_c
0x0377	0x6401    	XRL A, #1
0x0379	0x600E    	JZ L__outcw114
0x037B	0xE50B    	MOV A, FARG_outcw_c
0x037D	0x6402    	XRL A, #2
0x037F	0x6008    	JZ L__outcw114
0x0381	0xE50B    	MOV A, FARG_outcw_c
0x0383	0x6403    	XRL A, #3
0x0385	0x6002    	JZ L__outcw114
0x0387	0x801F    	SJMP L_outcw107
L__outcw114:
;Drv.c,195 :: 		for (j=0; j<500; j++);
0x0389	0x750D00  	MOV outcw_j_L0, #0
0x038C	0x750E00  	MOV outcw_j_L0+1, #0
L_outcw108:
0x038F	0xC3      	CLR C
0x0390	0xE50D    	MOV A, outcw_j_L0
0x0392	0x94F4    	SUBB A, #244
0x0394	0xE50E    	MOV A, outcw_j_L0+1
0x0396	0x9401    	SUBB A, #1
0x0398	0x500E    	JNC L_outcw109
0x039A	0x7401    	MOV A, #1
0x039C	0x250D    	ADD A, outcw_j_L0
0x039E	0xF50D    	MOV outcw_j_L0, A
0x03A0	0x7400    	MOV A, #0
0x03A2	0x350E    	ADDC A, outcw_j_L0+1
0x03A4	0xF50E    	MOV outcw_j_L0+1, A
0x03A6	0x80E7    	SJMP L_outcw108
L_outcw109:
L_outcw107:
;Drv.c,196 :: 		}
0x03A8	0x22      	RET
; end of _outcw
_init:
;Drv.c,5 :: 		void init(void){
;Drv.c,9 :: 		WMCON = 0b11111001;  // Enable WatchDog Timer, set prescaller bits to 111
0x03A9	0x7596F9  	MOV WMCON, #249
;Drv.c,12 :: 		WMCON|=0x08;  // internal EEPROM enable
0x03AC	0x439608  	ORL WMCON, #8
;Drv.c,13 :: 		WMCON&=0xfb;  // DPTR = DP0
0x03AF	0x5396FB  	ANL WMCON, #251
;Drv.c,16 :: 		PCON |= 0x80;        // SMOD=1
0x03B2	0x438780  	ORL PCON, #128
;Drv.c,17 :: 		SCON = 0x72;        // mode 1, receiver enable
0x03B5	0x759872  	MOV SCON, #114
;Drv.c,18 :: 		TMOD = 0x22;        //Timers 0&1 are 8-bit timers with auto-reload
0x03B8	0x758922  	MOV TMOD, #34
;Drv.c,19 :: 		TH1   = 0xF5;        // 9600 baud at 20 MHz
0x03BB	0x758DF5  	MOV TH1, #245
;Drv.c,20 :: 		ES_bit = 0;
0x03BE	0xC2AC    	CLR ES_bit
;Drv.c,23 :: 		TF1_bit = 0;       // Ensure that Timer1 interrupt flag is cleared
0x03C0	0xC28F    	CLR TF1_bit
;Drv.c,24 :: 		ET1_bit = 1;       // Enable Timer1 interrupt
0x03C2	0xD2AB    	SETB ET1_bit
;Drv.c,25 :: 		EA_bit  = 1;       // Set global interrupt enable
0x03C4	0xD2AF    	SETB EA_bit
;Drv.c,27 :: 		GATE1_bit = 0;     // Clear this flag to enable Timer1 whenever TR1 bit is set.
0x03C6	0xC3      	CLR C
0x03C7	0xE589    	MOV A, GATE1_bit
0x03C9	0x92E7    	MOV #224.B7, C
0x03CB	0xF589    	MOV GATE1_bit, A
;Drv.c,28 :: 		C_T1_bit  = 0;     // Set Timer operation: Timer1 counts the divided-down systam clock.
0x03CD	0xC3      	CLR C
0x03CE	0xE589    	MOV A, C_T1_bit
0x03D0	0x92E6    	MOV #224.B6, C
0x03D2	0xF589    	MOV C_T1_bit, A
;Drv.c,29 :: 		M11_bit   = 0;     // M11_M01 = 01    =>   Mode 1(16-bit Timer/Counter)
0x03D4	0xC3      	CLR C
0x03D5	0xE589    	MOV A, M11_bit
0x03D7	0x92E5    	MOV #224.B5, C
0x03D9	0xF589    	MOV M11_bit, A
;Drv.c,30 :: 		M01_bit   = 1;
0x03DB	0xD3      	SETB C
0x03DC	0xE589    	MOV A, M01_bit
0x03DE	0x92E4    	MOV #224.B4, C
0x03E0	0xF589    	MOV M01_bit, A
;Drv.c,32 :: 		TR1_bit = 0;       // Turn off Timer1
0x03E2	0xC28E    	CLR TR1_bit
;Drv.c,33 :: 		TH1 = 0xFC;        // Reset Timer1 high byte  65536-1000
0x03E4	0x758DFC  	MOV TH1, #252
;Drv.c,34 :: 		TL1 = 0x18;        // Reset Timer1 low byte
0x03E7	0x758B18  	MOV TL1, #24
;Drv.c,35 :: 		TR1_bit = 1;       // Run Timer1
0x03EA	0xD28E    	SETB TR1_bit
;Drv.c,39 :: 		P3=0xff;
0x03EC	0x75B0FF  	MOV P3, #255
;Drv.c,40 :: 		EX0_bit = 1;
0x03EF	0xD2A8    	SETB EX0_bit
;Drv.c,41 :: 		EX1_bit = 1;
0x03F1	0xD2AA    	SETB EX1_bit
;Drv.c,44 :: 		DelayMs(30);
0x03F3	0x750B1E  	MOV FARG_DelayMs_m, #30
0x03F6	0x750C00  	MOV FARG_DelayMs_m+1, #0
0x03F9	0x7133    	ACALL _DelayMs
;Drv.c,45 :: 		RW = 0;
0x03FB	0xC3      	CLR C
0x03FC	0xE5B0    	MOV A, P3_5_bit
0x03FE	0x92E5    	MOV #224.B5, C
0x0400	0xF5B0    	MOV P3_5_bit, A
;Drv.c,46 :: 		outcw(0x3C);
0x0402	0x750B3C  	MOV FARG_outcw_c, #60
0x0405	0x714F    	ACALL _outcw
;Drv.c,47 :: 		outcw(0x0C);
0x0407	0x750B0C  	MOV FARG_outcw_c, #12
0x040A	0x714F    	ACALL _outcw
;Drv.c,48 :: 		outcw(0x01);
0x040C	0x750B01  	MOV FARG_outcw_c, #1
0x040F	0x714F    	ACALL _outcw
;Drv.c,49 :: 		outcw(0x06);
0x0411	0x750B06  	MOV FARG_outcw_c, #6
0x0414	0x714F    	ACALL _outcw
;Drv.c,50 :: 		outcw(0x40);
0x0416	0x750B40  	MOV FARG_outcw_c, #64
0x0419	0x714F    	ACALL _outcw
;Drv.c,51 :: 		for(i=0;i<8;i++) outd(0);
0x041B	0x750800  	MOV init_i_L0, #0
L_init0:
0x041E	0xC3      	CLR C
0x041F	0xE508    	MOV A, init_i_L0
0x0421	0x9408    	SUBB A, #8
0x0423	0x5009    	JNC L_init1
0x0425	0x750B00  	MOV FARG_outd_c, #0
0x0428	0x7104    	ACALL _outd
0x042A	0x0508    	INC init_i_L0
0x042C	0x80F0    	SJMP L_init0
L_init1:
;Drv.c,52 :: 		for(i=0;i<8;i++) outd(0x10);
0x042E	0x750800  	MOV init_i_L0, #0
L_init3:
0x0431	0xC3      	CLR C
0x0432	0xE508    	MOV A, init_i_L0
0x0434	0x9408    	SUBB A, #8
0x0436	0x5009    	JNC L_init4
0x0438	0x750B10  	MOV FARG_outd_c, #16
0x043B	0x7104    	ACALL _outd
0x043D	0x0508    	INC init_i_L0
0x043F	0x80F0    	SJMP L_init3
L_init4:
;Drv.c,53 :: 		for(i=0;i<8;i++) outd(0x18);
0x0441	0x750800  	MOV init_i_L0, #0
L_init6:
0x0444	0xC3      	CLR C
0x0445	0xE508    	MOV A, init_i_L0
0x0447	0x9408    	SUBB A, #8
0x0449	0x5009    	JNC L_init7
0x044B	0x750B18  	MOV FARG_outd_c, #24
0x044E	0x7104    	ACALL _outd
0x0450	0x0508    	INC init_i_L0
0x0452	0x80F0    	SJMP L_init6
L_init7:
;Drv.c,54 :: 		for(i=0;i<8;i++) outd(0x1C);
0x0454	0x750800  	MOV init_i_L0, #0
L_init9:
0x0457	0xC3      	CLR C
0x0458	0xE508    	MOV A, init_i_L0
0x045A	0x9408    	SUBB A, #8
0x045C	0x5009    	JNC L_init10
0x045E	0x750B1C  	MOV FARG_outd_c, #28
0x0461	0x7104    	ACALL _outd
0x0463	0x0508    	INC init_i_L0
0x0465	0x80F0    	SJMP L_init9
L_init10:
;Drv.c,55 :: 		for(i=0;i<8;i++) outd(0x1E);
0x0467	0x750800  	MOV init_i_L0, #0
L_init12:
0x046A	0xC3      	CLR C
0x046B	0xE508    	MOV A, init_i_L0
0x046D	0x9408    	SUBB A, #8
0x046F	0x5009    	JNC L_init13
0x0471	0x750B1E  	MOV FARG_outd_c, #30
0x0474	0x7104    	ACALL _outd
0x0476	0x0508    	INC init_i_L0
0x0478	0x80F0    	SJMP L_init12
L_init13:
;Drv.c,56 :: 		for(i=0;i<8;i++) outd(0x1F);
0x047A	0x750800  	MOV init_i_L0, #0
L_init15:
0x047D	0xC3      	CLR C
0x047E	0xE508    	MOV A, init_i_L0
0x0480	0x9408    	SUBB A, #8
0x0482	0x5009    	JNC L_init16
0x0484	0x750B1F  	MOV FARG_outd_c, #31
0x0487	0x7104    	ACALL _outd
0x0489	0x0508    	INC init_i_L0
0x048B	0x80F0    	SJMP L_init15
L_init16:
;Drv.c,57 :: 		}
0x048D	0x22      	RET
; end of _init
___CC2D:
;__Lib_System.c,13 :: 		
;__Lib_System.c,15 :: 		
_CC2D_Loop1:
;__Lib_System.c,16 :: 		
0x048E	0xE4      	CLR A
;__Lib_System.c,17 :: 		
0x048F	0x93      	MOVC A, @A+DPTR
;__Lib_System.c,18 :: 		
0x0490	0xF6      	MOV @R0, A
;__Lib_System.c,19 :: 		
0x0491	0x08      	INC R0
;__Lib_System.c,20 :: 		
0x0492	0xA3      	INC DPTR
;__Lib_System.c,21 :: 		
0x0493	0xD9F9    	DJNZ R1, _CC2D_Loop1
;__Lib_System.c,23 :: 		
0x0495	0x22      	RET
; end of ___CC2D
_ScanKbd:
;Drv.c,59 :: 		unsigned char ScanKbd(void) {
;Drv.c,61 :: 		unsigned char kp = 0;
0x0496	0x750800  	MOV ScanKbd_kp_L0, #0
;Drv.c,63 :: 		P0 = P0&0x1F|0xC0;    //столбец 1
0x0499	0xE580    	MOV A, P0
0x049B	0x541F    	ANL A, #31
0x049D	0xF8      	MOV R0, A
0x049E	0x44C0    	ORL A, #192
0x04A0	0xF580    	MOV P0, A
;Drv.c,64 :: 		for(i=0;i<10;i++);
0x04A2	0x750900  	MOV ScanKbd_i_L0, #0
L_ScanKbd18:
0x04A5	0xC3      	CLR C
0x04A6	0xE509    	MOV A, ScanKbd_i_L0
0x04A8	0x940A    	SUBB A, #10
0x04AA	0x5004    	JNC L_ScanKbd19
0x04AC	0x0509    	INC ScanKbd_i_L0
0x04AE	0x80F5    	SJMP L_ScanKbd18
L_ScanKbd19:
;Drv.c,65 :: 		if (!P1_0_bit) kp = 1;
0x04B0	0x209003  	JB P1_0_bit, L_ScanKbd21
0x04B3	0x750801  	MOV ScanKbd_kp_L0, #1
L_ScanKbd21:
;Drv.c,70 :: 		P0 = P0&0x1F|0xA0;    //столбец 2
0x04B6	0xE580    	MOV A, P0
0x04B8	0x541F    	ANL A, #31
0x04BA	0xF8      	MOV R0, A
0x04BB	0x44A0    	ORL A, #160
0x04BD	0xF580    	MOV P0, A
;Drv.c,71 :: 		for(i=0;i<10;i++);
0x04BF	0x750900  	MOV ScanKbd_i_L0, #0
L_ScanKbd22:
0x04C2	0xC3      	CLR C
0x04C3	0xE509    	MOV A, ScanKbd_i_L0
0x04C5	0x940A    	SUBB A, #10
0x04C7	0x5004    	JNC L_ScanKbd23
0x04C9	0x0509    	INC ScanKbd_i_L0
0x04CB	0x80F5    	SJMP L_ScanKbd22
L_ScanKbd23:
;Drv.c,72 :: 		if (!P1_0_bit) kp = 2;
0x04CD	0x209003  	JB P1_0_bit, L_ScanKbd25
0x04D0	0x750802  	MOV ScanKbd_kp_L0, #2
L_ScanKbd25:
;Drv.c,77 :: 		P0 = P0&0x1F|0x60;    //столбец 3
0x04D3	0xE580    	MOV A, P0
0x04D5	0x541F    	ANL A, #31
0x04D7	0xF8      	MOV R0, A
0x04D8	0x4460    	ORL A, #96
0x04DA	0xF580    	MOV P0, A
;Drv.c,78 :: 		for(i=0;i<10;i++);
0x04DC	0x750900  	MOV ScanKbd_i_L0, #0
L_ScanKbd26:
0x04DF	0xC3      	CLR C
0x04E0	0xE509    	MOV A, ScanKbd_i_L0
0x04E2	0x940A    	SUBB A, #10
0x04E4	0x5004    	JNC L_ScanKbd27
0x04E6	0x0509    	INC ScanKbd_i_L0
0x04E8	0x80F5    	SJMP L_ScanKbd26
L_ScanKbd27:
;Drv.c,79 :: 		if (!P1_0_bit) kp = 3;
0x04EA	0x209003  	JB P1_0_bit, L_ScanKbd29
0x04ED	0x750803  	MOV ScanKbd_kp_L0, #3
L_ScanKbd29:
;Drv.c,83 :: 		return kp;
0x04F0	0xA808    	MOV R0, ScanKbd_kp_L0
;Drv.c,84 :: 		}
0x04F2	0x22      	RET
; end of _ScanKbd
_out_str:
;Svetofor.c,23 :: 		void out_str()
;Svetofor.c,25 :: 		int i = 0;
0x04F3	0x750800  	MOV out_str_i_L0, #0
0x04F6	0x750900  	MOV out_str_i_L0+1, #0
;Svetofor.c,26 :: 		outcw(0x80);
0x04F9	0x750B80  	MOV FARG_outcw_c, #128
0x04FC	0x714F    	ACALL _outcw
;Svetofor.c,27 :: 		for (i; i < 16; ++i)
L_out_str0:
0x04FE	0xC3      	CLR C
0x04FF	0xE508    	MOV A, out_str_i_L0
0x0501	0x9410    	SUBB A, #16
0x0503	0x7400    	MOV A, #0
0x0505	0x6480    	XRL A, #128
0x0507	0xF8      	MOV R0, A
0x0508	0xE509    	MOV A, out_str_i_L0+1
0x050A	0x6480    	XRL A, #128
0x050C	0x98      	SUBB A, R0
0x050D	0x5053    	JNC L_out_str1
;Svetofor.c,28 :: 		outd(str[(i+pos >= 16) ? i+pos-16 : i+pos]);
0x050F	0xE56B    	MOV A, _pos
0x0511	0x2508    	ADD A, out_str_i_L0
0x0513	0xF9      	MOV R1, A
0x0514	0xE4      	CLR A
0x0515	0x3509    	ADDC A, out_str_i_L0+1
0x0517	0xFA      	MOV R2, A
0x0518	0xC3      	CLR C
0x0519	0xE9      	MOV A, R1
0x051A	0x9410    	SUBB A, #16
0x051C	0x7400    	MOV A, #0
0x051E	0x6480    	XRL A, #128
0x0520	0xF8      	MOV R0, A
0x0521	0xEA      	MOV A, R2
0x0522	0x6480    	XRL A, #128
0x0524	0x98      	SUBB A, R0
0x0525	0x4018    	JC L_out_str3
0x0527	0xE56B    	MOV A, _pos
0x0529	0x2508    	ADD A, out_str_i_L0
0x052B	0xF8      	MOV R0, A
0x052C	0xE4      	CLR A
0x052D	0x3509    	ADDC A, out_str_i_L0+1
0x052F	0xF9      	MOV R1, A
0x0530	0xC3      	CLR C
0x0531	0xE8      	MOV A, R0
0x0532	0x9410    	SUBB A, #16
0x0534	0xF8      	MOV R0, A
0x0535	0xE9      	MOV A, R1
0x0536	0x9400    	SUBB A, #0
0x0538	0xF9      	MOV R1, A
0x0539	0xAA00    	MOV R2, R0
0x053B	0xAB01    	MOV R3, R1
0x053D	0x800D    	SJMP L_out_str4
L_out_str3:
0x053F	0xE56B    	MOV A, _pos
0x0541	0x2508    	ADD A, out_str_i_L0
0x0543	0xF8      	MOV R0, A
0x0544	0xE4      	CLR A
0x0545	0x3509    	ADDC A, out_str_i_L0+1
0x0547	0xF9      	MOV R1, A
0x0548	0xAA00    	MOV R2, R0
0x054A	0xAB01    	MOV R3, R1
L_out_str4:
0x054C	0x746C    	MOV A, lo_addr(_str)
0x054E	0x2A      	ADD A, R2
0x054F	0xF8      	MOV R0, A
0x0550	0x860B    	MOV FARG_outd_c, @R0
0x0552	0x7104    	ACALL _outd
;Svetofor.c,27 :: 		for (i; i < 16; ++i)
0x0554	0x7401    	MOV A, #1
0x0556	0x2508    	ADD A, out_str_i_L0
0x0558	0xF508    	MOV out_str_i_L0, A
0x055A	0x7400    	MOV A, #0
0x055C	0x3509    	ADDC A, out_str_i_L0+1
0x055E	0xF509    	MOV out_str_i_L0+1, A
;Svetofor.c,28 :: 		outd(str[(i+pos >= 16) ? i+pos-16 : i+pos]);
0x0560	0x81FE    	AJMP L_out_str0
L_out_str1:
;Svetofor.c,29 :: 		}
0x0562	0x22      	RET
; end of _out_str
_strcpy:
;__Lib_CString.c,127 :: 		
;__Lib_CString.c,130 :: 		
0x0563	0x85080A  	MOV strcpy_cp_L0, FARG_strcpy_to+0
;__Lib_CString.c,131 :: 		
L_strcpy34:
0x0566	0xA80A    	MOV R0, strcpy_cp_L0
0x0568	0x050A    	INC strcpy_cp_L0
0x056A	0xA909    	MOV R1, FARG_strcpy_from
0x056C	0x0509    	INC FARG_strcpy_from
0x056E	0xE7      	MOV A, @R1
0x056F	0xF6      	MOV @R0, A
0x0570	0xE6      	MOV A, @R0
0x0571	0x6002    	JZ L_strcpy35
;__Lib_CString.c,132 :: 		
0x0573	0x80F1    	SJMP L_strcpy34
L_strcpy35:
;__Lib_CString.c,133 :: 		
0x0575	0xA808    	MOV R0, FARG_strcpy_to
;__Lib_CString.c,134 :: 		
0x0577	0x22      	RET
; end of _strcpy
_INT0_Interrupt:
0x0578	0xC000    	PUSH R0
0x057A	0xC0D0    	PUSH PSW
0x057C	0xC0E0    	PUSH ACC
0x057E	0xC0F0    	PUSH B
0x0580	0xC082    	PUSH DP0L
0x0582	0xC083    	PUSH DP0H
;Svetofor.c,135 :: 		void INT0_Interrupt() org IVT_ADDR_EX0 {
;Svetofor.c,136 :: 		if (state == 0) kn = 1;
0x0584	0xE557    	MOV A, _state
0x0586	0x7003    	JNZ L_INT0_Interrupt28
0x0588	0x755601  	MOV _kn, #1
L_INT0_Interrupt28:
;Svetofor.c,137 :: 		}
0x058B	0xD083    	POP DP0H
0x058D	0xD082    	POP DP0L
0x058F	0xD0F0    	POP B
0x0591	0xD0E0    	POP ACC
0x0593	0xD0D0    	POP PSW
0x0595	0xD000    	POP R0
0x0597	0x32      	RETI
; end of _INT0_Interrupt
_Timer1InterruptHandler:
0x0598	0xC0D0    	PUSH PSW
0x059A	0xC0E0    	PUSH ACC
0x059C	0xC0F0    	PUSH B
0x059E	0xC082    	PUSH DP0L
0x05A0	0xC083    	PUSH DP0H
;Svetofor.c,120 :: 		void Timer1InterruptHandler() org IVT_ADDR_ET1{
;Svetofor.c,122 :: 		EA_bit = 0;        // Clear global interrupt enable flag
0x05A2	0xC2AF    	CLR EA_bit
;Svetofor.c,123 :: 		TF1_bit = 0;       // Ensure that Timer1 interrupt flag is cleared
0x05A4	0xC28F    	CLR TF1_bit
;Svetofor.c,125 :: 		TR1_bit = 0;       // Stop Timer1
0x05A6	0xC28E    	CLR TR1_bit
;Svetofor.c,126 :: 		TH1 = 0xFC;        // Reset Timer1 high byte  65536-1000
0x05A8	0x758DFC  	MOV TH1, #252
;Svetofor.c,127 :: 		TL1 = 0x18;        // Reset Timer1 low byte
0x05AB	0x758B18  	MOV TL1, #24
;Svetofor.c,129 :: 		ms++;
0x05AE	0x7401    	MOV A, #1
0x05B0	0x2542    	ADD A, _ms
0x05B2	0xF542    	MOV _ms, A
0x05B4	0x7400    	MOV A, #0
0x05B6	0x3543    	ADDC A, _ms+1
0x05B8	0xF543    	MOV _ms+1, A
;Svetofor.c,131 :: 		EA_bit = 1;        // Set global interrupt enable flag
0x05BA	0xD2AF    	SETB EA_bit
;Svetofor.c,132 :: 		TR1_bit = 1;       // Run Timer1
0x05BC	0xD28E    	SETB TR1_bit
;Svetofor.c,133 :: 		}
0x05BE	0xD083    	POP DP0H
0x05C0	0xD082    	POP DP0L
0x05C2	0xD0F0    	POP B
0x05C4	0xD0E0    	POP ACC
0x05C6	0xD0D0    	POP PSW
0x05C8	0x32      	RETI
; end of _Timer1InterruptHandler
_main:
0x05C9	0x758180  	MOV SP, #128
0x05CC	0x120760  	LCALL 1888
;Svetofor.c,31 :: 		void main (void) {
;Svetofor.c,34 :: 		init();
0x05CF	0x71A9    	ACALL _init
;Svetofor.c,36 :: 		lcd_led = 0;  // Подсветка индикатора
0x05D1	0xC284    	CLR P0_4_bit
;Svetofor.c,37 :: 		YEL = 1;
0x05D3	0xD281    	SETB P0_1_bit
;Svetofor.c,38 :: 		RED = 0;
0x05D5	0xC280    	CLR P0_0_bit
;Svetofor.c,39 :: 		GRN = 1;      // Зеленый цвет
0x05D7	0xD282    	SETB P0_2_bit
;Svetofor.c,41 :: 		strcpy(str, red);
0x05D9	0x75086C  	MOV FARG_strcpy_to, lo_addr(_str)
0x05DC	0x75095A  	MOV FARG_strcpy_from, lo_addr(_red)
0x05DF	0xB163    	ACALL _strcpy
;Svetofor.c,42 :: 		out_str();
0x05E1	0x91F3    	ACALL _out_str
;Svetofor.c,45 :: 		while (1) {
L_main5:
;Svetofor.c,46 :: 		key=ScanKbd();
0x05E3	0x9196    	ACALL _ScanKbd
0x05E5	0x850059  	MOV _key, 0
;Svetofor.c,47 :: 		switch (key) {
0x05E8	0x8018    	SJMP L_main7
;Svetofor.c,48 :: 		case 1:
L_main9:
;Svetofor.c,49 :: 		TT = 100;
0x05EA	0x755864  	MOV _TT, #100
;Svetofor.c,50 :: 		key = 0;
0x05ED	0x755900  	MOV _key, #0
;Svetofor.c,51 :: 		break;
0x05F0	0x8022    	SJMP L_main8
;Svetofor.c,52 :: 		case 2:
L_main10:
;Svetofor.c,53 :: 		TT = 150;
0x05F2	0x755896  	MOV _TT, #150
;Svetofor.c,54 :: 		key = 0;
0x05F5	0x755900  	MOV _key, #0
;Svetofor.c,55 :: 		break;
0x05F8	0x801A    	SJMP L_main8
;Svetofor.c,56 :: 		case 3:
L_main11:
;Svetofor.c,57 :: 		TT = 200;
0x05FA	0x7558C8  	MOV _TT, #200
;Svetofor.c,58 :: 		key = 0;
0x05FD	0x755900  	MOV _key, #0
;Svetofor.c,59 :: 		break;
0x0600	0x8012    	SJMP L_main8
;Svetofor.c,60 :: 		}
L_main7:
0x0602	0xE559    	MOV A, _key
0x0604	0x6401    	XRL A, #1
0x0606	0x60E2    	JZ L_main9
0x0608	0xE559    	MOV A, _key
0x060A	0x6402    	XRL A, #2
0x060C	0x60E4    	JZ L_main10
0x060E	0xE559    	MOV A, _key
0x0610	0x6403    	XRL A, #3
0x0612	0x60E6    	JZ L_main11
L_main8:
;Svetofor.c,62 :: 		switch (state) {
0x0614	0xC1C0    	AJMP L_main12
;Svetofor.c,63 :: 		case 0:
L_main14:
;Svetofor.c,64 :: 		if (kn == 1 & t == 0) {
0x0616	0xE556    	MOV A, _kn
0x0618	0x6401    	XRL A, #1
0x061A	0x6004    	JZ L__main30
0x061C	0x7900    	MOV R1, #0
0x061E	0x8002    	SJMP L__main31
L__main30:
0x0620	0x7901    	MOV R1, #1
L__main31:
0x0622	0xE555    	MOV A, _t
0x0624	0x6400    	XRL A, #0
0x0626	0x6004    	JZ L__main32
0x0628	0x7800    	MOV R0, #0
0x062A	0x8002    	SJMP L__main33
L__main32:
0x062C	0x7801    	MOV R0, #1
L__main33:
0x062E	0xE9      	MOV A, R1
0x062F	0x5200    	ANL R0, A
0x0631	0xE8      	MOV A, R0
0x0632	0x6015    	JZ L_main15
;Svetofor.c,65 :: 		state = 1;
0x0634	0x755701  	MOV _state, #1
;Svetofor.c,66 :: 		kn = 0;
0x0637	0x755600  	MOV _kn, #0
;Svetofor.c,67 :: 		t = 20;
0x063A	0x755514  	MOV _t, #20
;Svetofor.c,68 :: 		strcpy(str, yellow);
0x063D	0x75086C  	MOV FARG_strcpy_to, lo_addr(_str)
0x0640	0x750944  	MOV FARG_strcpy_from, lo_addr(_yellow)
0x0643	0xB163    	ACALL _strcpy
;Svetofor.c,69 :: 		out_str();
0x0645	0x91F3    	ACALL _out_str
;Svetofor.c,70 :: 		YEL = 0;
0x0647	0xC281    	CLR P0_1_bit
;Svetofor.c,71 :: 		}
L_main15:
;Svetofor.c,72 :: 		break;
0x0649	0xC1E2    	AJMP L_main13
;Svetofor.c,73 :: 		case 1:
L_main16:
;Svetofor.c,74 :: 		if (t == 0) {
0x064B	0xE555    	MOV A, _t
0x064D	0x701A    	JNZ L_main17
;Svetofor.c,75 :: 		state = 2;
0x064F	0x755702  	MOV _state, #2
;Svetofor.c,76 :: 		t = TT-30;
0x0652	0xC3      	CLR C
0x0653	0xE558    	MOV A, _TT
0x0655	0x941E    	SUBB A, #30
0x0657	0xF555    	MOV _t, A
;Svetofor.c,77 :: 		strcpy(str, "GREEN            ");
0x0659	0x75086C  	MOV FARG_strcpy_to, lo_addr(_str)
0x065C	0x750930  	MOV FARG_strcpy_from, lo_addr(?lstr1_Svetofor)
0x065F	0xB163    	ACALL _strcpy
;Svetofor.c,78 :: 		out_str();
0x0661	0x91F3    	ACALL _out_str
;Svetofor.c,79 :: 		RED = 1;
0x0663	0xD280    	SETB P0_0_bit
;Svetofor.c,80 :: 		YEL = 1;
0x0665	0xD281    	SETB P0_1_bit
;Svetofor.c,81 :: 		GRN = 0;
0x0667	0xC282    	CLR P0_2_bit
;Svetofor.c,82 :: 		}
L_main17:
;Svetofor.c,83 :: 		break;
0x0669	0xC1E2    	AJMP L_main13
;Svetofor.c,84 :: 		case 2:
L_main18:
;Svetofor.c,85 :: 		if (t == 0) {state = 3;t = 30;}
0x066B	0xE555    	MOV A, _t
0x066D	0x7006    	JNZ L_main19
0x066F	0x755703  	MOV _state, #3
0x0672	0x75551E  	MOV _t, #30
L_main19:
;Svetofor.c,86 :: 		break;
0x0675	0xC1E2    	AJMP L_main13
;Svetofor.c,87 :: 		case 3:
L_main20:
;Svetofor.c,88 :: 		if (t % 5 == 0) {GRN = ~GRN; lcd_led = ~lcd_led;}
0x0677	0x75F005  	MOV B, #5
0x067A	0xE555    	MOV A, _t
0x067C	0x84      	DIV AB
0x067D	0xE5F0    	MOV A, B
0x067F	0xF9      	MOV R1, A
0x0680	0x700A    	JNZ L_main21
0x0682	0xA282    	MOV C, P0_2_bit
0x0684	0xB3      	CPL C
0x0685	0x9282    	MOV P0_2_bit, C
0x0687	0xA284    	MOV C, P0_4_bit
0x0689	0xB3      	CPL C
0x068A	0x9284    	MOV P0_4_bit, C
L_main21:
;Svetofor.c,89 :: 		if (t == 0) {
0x068C	0xE555    	MOV A, _t
0x068E	0x7014    	JNZ L_main22
;Svetofor.c,90 :: 		state = 4;
0x0690	0x755704  	MOV _state, #4
;Svetofor.c,91 :: 		t = 20;
0x0693	0x755514  	MOV _t, #20
;Svetofor.c,92 :: 		strcpy(str, yellow);
0x0696	0x75086C  	MOV FARG_strcpy_to, lo_addr(_str)
0x0699	0x750944  	MOV FARG_strcpy_from, lo_addr(_yellow)
0x069C	0xB163    	ACALL _strcpy
;Svetofor.c,93 :: 		out_str();
0x069E	0x91F3    	ACALL _out_str
;Svetofor.c,94 :: 		GRN = 1;
0x06A0	0xD282    	SETB P0_2_bit
;Svetofor.c,95 :: 		YEL = 0;
0x06A2	0xC281    	CLR P0_1_bit
;Svetofor.c,96 :: 		}
L_main22:
;Svetofor.c,97 :: 		break;
0x06A4	0x803C    	SJMP L_main13
;Svetofor.c,98 :: 		case 4:
L_main23:
;Svetofor.c,99 :: 		if (t == 0) {
0x06A6	0xE555    	MOV A, _t
0x06A8	0x7014    	JNZ L_main24
;Svetofor.c,100 :: 		state = 0;
0x06AA	0x755700  	MOV _state, #0
;Svetofor.c,101 :: 		t = TT;
0x06AD	0x855855  	MOV _t, _TT+0
;Svetofor.c,102 :: 		YEL = 1;
0x06B0	0xD281    	SETB P0_1_bit
;Svetofor.c,103 :: 		RED = 0;
0x06B2	0xC280    	CLR P0_0_bit
;Svetofor.c,104 :: 		strcpy(str, red);
0x06B4	0x75086C  	MOV FARG_strcpy_to, lo_addr(_str)
0x06B7	0x75095A  	MOV FARG_strcpy_from, lo_addr(_red)
0x06BA	0xB163    	ACALL _strcpy
;Svetofor.c,105 :: 		out_str();
0x06BC	0x91F3    	ACALL _out_str
;Svetofor.c,106 :: 		}
L_main24:
;Svetofor.c,107 :: 		break;
0x06BE	0x8022    	SJMP L_main13
;Svetofor.c,108 :: 		}
L_main12:
0x06C0	0xE557    	MOV A, _state
0x06C2	0x7002    	JNZ #2
0x06C4	0xC116    	AJMP L_main14
0x06C6	0xE557    	MOV A, _state
0x06C8	0x6401    	XRL A, #1
0x06CA	0x7002    	JNZ #2
0x06CC	0xC14B    	AJMP L_main16
0x06CE	0xE557    	MOV A, _state
0x06D0	0x6402    	XRL A, #2
0x06D2	0x7002    	JNZ #2
0x06D4	0xC16B    	AJMP L_main18
0x06D6	0xE557    	MOV A, _state
0x06D8	0x6403    	XRL A, #3
0x06DA	0x609B    	JZ L_main20
0x06DC	0xE557    	MOV A, _state
0x06DE	0x6404    	XRL A, #4
0x06E0	0x60C4    	JZ L_main23
L_main13:
;Svetofor.c,109 :: 		if (t != 0) t--;
0x06E2	0xE555    	MOV A, _t
0x06E4	0x6002    	JZ L_main25
0x06E6	0x1555    	DEC _t
L_main25:
;Svetofor.c,110 :: 		DelayMs(100);            // такт работы автомата
0x06E8	0x750B64  	MOV FARG_DelayMs_m, #100
0x06EB	0x750C00  	MOV FARG_DelayMs_m+1, #0
0x06EE	0x7133    	ACALL _DelayMs
;Svetofor.c,111 :: 		}
0x06F0	0xA1E3    	AJMP L_main5
;Svetofor.c,112 :: 		}
0x06F2	0x80FE    	SJMP #254
; end of _main
_INT1_Interrupt:
0x06F4	0xC000    	PUSH R0
0x06F6	0xC0D0    	PUSH PSW
0x06F8	0xC0E0    	PUSH ACC
0x06FA	0xC0F0    	PUSH B
0x06FC	0xC082    	PUSH DP0L
0x06FE	0xC083    	PUSH DP0H
;Svetofor.c,140 :: 		void INT1_Interrupt() org IVT_ADDR_EX1 {
;Svetofor.c,141 :: 		if (state == 0) kn = 1;
0x0700	0xE557    	MOV A, _state
0x0702	0x7003    	JNZ L_INT1_Interrupt29
0x0704	0x755601  	MOV _kn, #1
L_INT1_Interrupt29:
;Svetofor.c,142 :: 		}
0x0707	0xD083    	POP DP0H
0x0709	0xD082    	POP DP0L
0x070B	0xD0F0    	POP B
0x070D	0xD0E0    	POP ACC
0x070F	0xD0D0    	POP PSW
0x0711	0xD000    	POP R0
0x0713	0x32      	RETI
; end of _INT1_Interrupt
0x0760	0x7830    	MOV R0, 48
0x0762	0x794C    	MOV R1, 76
0x0764	0x758214  	MOV DP0L, 20
0x0767	0x758307  	MOV DP0H, 7
0x076A	0x12048E  	LCALL 1166
0x076D	0x22      	RET
;Svetofor.c,0 :: ?ICS?lstr1_Svetofor
0x0714	0x475245 ;?ICS?lstr1_Svetofor+0
0x0717	0x454E20 ;?ICS?lstr1_Svetofor+3
0x071A	0x202020 ;?ICS?lstr1_Svetofor+6
0x071D	0x202020 ;?ICS?lstr1_Svetofor+9
0x0720	0x202020 ;?ICS?lstr1_Svetofor+12
0x0723	0x202000 ;?ICS?lstr1_Svetofor+15
; end of ?ICS?lstr1_Svetofor
;Svetofor.c,0 :: ?ICS_ms
0x0726	0x0000 ;?ICS_ms+0
; end of ?ICS_ms
;Svetofor.c,0 :: ?ICS_yellow
0x0728	0x59454C ;?ICS_yellow+0
0x072B	0x4C4F57 ;?ICS_yellow+3
0x072E	0x202020 ;?ICS_yellow+6
0x0731	0x202000 ;?ICS_yellow+9
0x0734	0x000000 ;?ICS_yellow+12
0x0737	0x0000 ;?ICS_yellow+15
; end of ?ICS_yellow
;Svetofor.c,0 :: ?ICS_t
0x0739	0x00 ;?ICS_t+0
; end of ?ICS_t
;Svetofor.c,0 :: ?ICS_kn
0x073A	0x00 ;?ICS_kn+0
; end of ?ICS_kn
;Svetofor.c,0 :: ?ICS_state
0x073B	0x00 ;?ICS_state+0
; end of ?ICS_state
;Svetofor.c,0 :: ?ICS_TT
0x073C	0x64 ;?ICS_TT+0
; end of ?ICS_TT
;Svetofor.c,0 :: ?ICS_key
0x073D	0x00 ;?ICS_key+0
; end of ?ICS_key
;Svetofor.c,0 :: ?ICS_red
0x073E	0x524544 ;?ICS_red+0
0x0741	0x202020 ;?ICS_red+3
0x0744	0x202020 ;?ICS_red+6
0x0747	0x202020 ;?ICS_red+9
0x074A	0x000000 ;?ICS_red+12
0x074D	0x0000 ;?ICS_red+15
; end of ?ICS_red
;Svetofor.c,0 :: ?ICS_pos
0x074F	0x10 ;?ICS_pos+0
; end of ?ICS_pos
;Svetofor.c,0 :: ?ICS_str
0x0750	0x000000 ;?ICS_str+0
0x0753	0x000000 ;?ICS_str+3
0x0756	0x000000 ;?ICS_str+6
0x0759	0x000000 ;?ICS_str+9
0x075C	0x000000 ;?ICS_str+12
0x075F	0x00 ;?ICS_str+15
; end of ?ICS_str
Symbol List:
//** Routines locations **
//ADDRESS    SIZE    PROCEDURE
//----------------------------------------------
0x0026     [734]    _translate
0x0304      [47]    _outd
0x0333      [28]    _DelayMs
0x034F      [90]    _outcw
0x03A9     [229]    _init
0x048E       [8]    ___CC2D
0x0496      [93]    _ScanKbd
0x04F3     [112]    _out_str
0x0563      [21]    _strcpy
0x0578      [32]    _INT0_Interrupt
0x0598      [49]    _Timer1InterruptHandler
0x05C9     [299]    _main
0x06F4      [32]    _INT1_Interrupt
//** Variables locations ** 
//ADDRESS    SIZE    VARIABLE
//----------------------------------------------
0x0000       [1]    R0
0x0001       [1]    R1
0x0002       [1]    R2
0x0003       [1]    R3
0x0004       [1]    R4
0x0005       [1]    R5
0x0006       [1]    R6
0x0007       [1]    R7
0x0008       [1]    init_i_L0
0x0008       [1]    ScanKbd_kp_L0
0x0008       [1]    FARG_strcpy_to
0x0008       [2]    out_str_i_L0
0x0009       [1]    ScanKbd_i_L0
0x0009       [1]    FARG_strcpy_from
0x000A       [1]    strcpy_cp_L0
0x000B       [1]    FARG_outcw_c
0x000B       [2]    FARG_DelayMs_m
0x000B       [1]    FARG_outd_c
0x000C       [1]    outd_i_L0
0x000C       [1]    outcw_i_L0
0x000D       [2]    outcw_j_L0
0x000F       [1]    FARG_translate_c
0x0030      [18]    ?lstr1_Svetofor
0x0042       [2]    _ms
0x0044      [17]    _yellow
0x0055       [1]    _t
0x0056       [1]    _kn
0x0057       [1]    _state
0x0058       [1]    _TT
0x0059       [1]    _key
0x005A      [17]    _red
0x006B       [1]    _pos
0x006C      [16]    _str
0x0080       [0]    P0_4_bit
0x0080       [0]    P0_0_bit
0x0080       [0]    P0_1_bit
0x0080       [0]    P0_2_bit
0x0080       [1]    P0
0x0081       [1]    SP
0x0082       [1]    DPL
0x0083       [1]    DPH
0x0087       [1]    PCON
0x0088       [0]    TF1_bit
0x0088       [0]    TR1_bit
0x0089       [0]    M11_bit
0x0089       [1]    TMOD
0x0089       [0]    GATE1_bit
0x0089       [0]    C_T1_bit
0x0089       [0]    M01_bit
0x008B       [1]    TL1
0x008D       [1]    TH1
0x0090       [0]    P1_0_bit
0x0096       [1]    WMCON
0x0098       [1]    SCON
0x00A0       [1]    P2
0x00A8       [0]    ES_bit
0x00A8       [0]    EA_bit
0x00A8       [0]    ET1_bit
0x00A8       [0]    EX1_bit
0x00A8       [0]    EX0_bit
0x00B0       [0]    P3_5_bit
0x00B0       [0]    P3_6_bit
0x00B0       [0]    P3_7_bit
0x00B0       [1]    P3
0x00D0       [1]    PSW
0x00E0       [1]    ACC
0x00F0       [1]    B
//** Constants locations ** 
//ADDRESS    SIZE    CONSTANT
//----------------------------------------------
0x0714      [18]    ?ICS?lstr1_Svetofor
0x0726       [2]    ?ICS_ms
0x0728      [17]    ?ICS_yellow
0x0739       [1]    ?ICS_t
0x073A       [1]    ?ICS_kn
0x073B       [1]    ?ICS_state
0x073C       [1]    ?ICS_TT
0x073D       [1]    ?ICS_key
0x073E      [17]    ?ICS_red
0x074F       [1]    ?ICS_pos
0x0750      [16]    ?ICS_str
//** Label List: ** 
//----------------------------------------------
  L_init0
  L_init1
  L_init2
  L_init3
  L_init4
  L_init5
  L_init6
  L_init7
  L_init8
  L_init9
  L_init10
  L_init11
  L_init12
  L_init13
  L_init14
  L_init15
  L_init16
  L_init17
  L_ScanKbd18
  L_ScanKbd19
  L_ScanKbd20
  L_ScanKbd21
  L_ScanKbd22
  L_ScanKbd23
  L_ScanKbd24
  L_ScanKbd25
  L_ScanKbd26
  L_ScanKbd27
  L_ScanKbd28
  L_ScanKbd29
  L_translate30
  L_translate31
  L_translate32
  L_translate33
  L_translate34
  L_translate35
  L_translate36
  L_translate37
  L_translate38
  L_translate39
  L_translate40
  L_translate41
  L_translate42
  L_translate43
  L_translate44
  L_translate45
  L_translate46
  L_translate47
  L_translate48
  L_translate49
  L_translate50
  L_translate51
  L_translate52
  L_translate53
  L_translate54
  L_translate55
  L_translate56
  L_translate57
  L_translate58
  L_translate59
  L_translate60
  L_translate61
  L_translate62
  L_translate63
  L_translate64
  L_translate65
  L_translate66
  L_translate67
  L_translate68
  L_translate69
  L_translate70
  L_translate71
  L_translate72
  L_translate73
  L_translate74
  L_translate75
  L_translate76
  L_translate77
  L_translate78
  L_translate79
  L_translate80
  L_translate81
  L_translate82
  L_translate83
  L_translate84
  L_translate85
  L_translate86
  L_translate87
  L_translate88
  L_translate89
  L_translate90
  L_translate91
  L_translate92
  L_translate93
  L_translate94
  L_translate95
  L_translate96
  L_translate97
  L_translate98
  L_clear_lcd99
  L_clear_lcd100
  L_clear_lcd101
  L_outcw102
  L_outcw103
  L_outcw104
  L_outcw105
  L_outcw106
  L_outcw107
  L_outcw108
  L_outcw109
  L_outcw110
  L_outd111
  L_outd112
  L_outd113
  L__outcw114
  _init
  _ScanKbd
  _translate
  _wr_EEPROM
  _rd_EEPROM
  _clear_lcd
  _outcw
  _outd
  L_out_str0
  L_out_str1
  L_out_str2
  L_out_str3
  L_out_str4
  L_main5
  L_main6
  L_main7
  L_main8
  L_main9
  L_main10
  L_main11
  L_main12
  L_main13
  L_main14
  L_main15
  L_main16
  L_main17
  L_main18
  L_main19
  L_main20
  L_main21
  L_main22
  L_main23
  L_main24
  L_main25
  L_DelayMs26
  L_DelayMs27
  L_INT0_Interrupt28
  L_INT1_Interrupt29
  _out_str
  _main
  L__main30
  L__main31
  L__main32
  L__main33
  _DelayMs
  L__DelayMs34
  _Timer1InterruptHandler
  _INT0_Interrupt
  _INT1_Interrupt
  L_memchr0
  L_memchr1
  L_memchr2
  L_memchr3
  L_memcmp4
  L_memcmp5
  L_memcmp6
  L_memcpy7
  L_memcpy8
  L_memmove9
  L_memmove10
  L_memmove11
  L_memmove12
  L_memmove13
  L_memmove14
  L_memmove15
  L_memmove16
  L_memmove17
  L_memmove18
  L_memmove19
  L_memset20
  L_memset21
  L_strcat22
  L_strcat23
  L_strcat24
  L_strcat25
  L_strchr26
  L_strchr27
  L_strchr28
  L_strchr29
  L_strcmp30
  L_strcmp31
  L_strcmp32
  L_strcmp33
  L_strcpy34
  L_strcpy35
  L_strlen36
  L_strlen37
  L_strncat38
  L_strncat39
  L_strncat40
  L_strncat41
  L_strncat42
  L_strncat43
  L_strncat44
  L_strncpy45
  L_strncpy46
  L_strncpy47
  L_strncpy48
  L_strncpy49
  L_strspn50
  L_strspn51
  L_strspn52
  L_strspn53
  L_strcspn54
  L_strcspn55
  L_strcspn56
  L_strcspn57
  L_strtok58
  L_strtok59
  L_strtok60
  L_strtok61
  L_strtok62
  L_strncmp63
  L_strncmp64
  L_strncmp65
  L_strncmp66
  L_strncmp67
  L_strpbrk68
  L_strpbrk69
  L_strpbrk70
  L_strrchr71
  L_strrchr72
  L_strrchr73
  L_strrchr74
  L_strstr75
  L_strstr76
  L_strstr77
  L_strstr78
  L_strstr79
  L__memmove80
  L__strcmp81
  L__strncat82
  L__strspn83
  L__strcspn84
  L__strncmp85
  L__strstr86
  _memchr
  _memcmp
  _memcpy
  _memmove
  _memset
  _strcat
  _strchr
  _strcmp
  _strcpy
  _strlen
  _strncat
  _strncpy
  _strspn
  _strcspn
  _strtok
  _strncmp
  _strpbrk
  _strrchr
  _strstr
  _CC2D_Loop1
  _CC2PD_Loop1
  _CC2XD_Loop1
  ___DoIFC
  ___CC2D
  ___CC2PD
  ___CC2XD
  L_out_str0
  L_out_str1
  L_out_str2
  L_out_str3
  L_out_str4
  L_main5
  L_main6
  L_main7
  L_main8
  L_main9
  L_main10
  L_main11
  L_main12
  L_main13
  L_main14
  L_main15
  L_main16
  L_main17
  L_main18
  L_main19
  L_main20
  L_main21
  L_main22
  L_main23
  L_main24
  L_main25
  L_DelayMs26
  L_DelayMs27
  L_INT0_Interrupt28
  L_INT1_Interrupt29
  _out_str
  _main
  L__main30
  L__main31
  L__main32
  L__main33
  _DelayMs
  L__DelayMs34
  _Timer1InterruptHandler
  _INT0_Interrupt
  _INT1_Interrupt
  L_out_str0
  L_out_str1
  L_out_str2
  L_out_str3
  L_out_str4
  L_main5
  L_main6
  L_main7
  L_main8
  L_main9
  L_main10
  L_main11
  L_main12
  L_main13
  L_main14
  L_main15
  L_main16
  L_main17
  L_main18
  L_main19
  L_main20
  L_main21
  L_main22
  L_main23
  L_main24
  L_main25
  L_DelayMs26
  L_DelayMs27
  L_INT0_Interrupt28
  L_INT1_Interrupt29
  _out_str
  _main
  L__main30
  L__main31
  L__main32
  L__main33
  _DelayMs
  L__DelayMs34
  _Timer1InterruptHandler
  _INT0_Interrupt
  _INT1_Interrupt
  L_out_str0
  L_out_str1
  L_out_str2
  L_out_str3
  L_out_str4
  L_main5
  L_main6
  L_main7
  L_main8
  L_main9
  L_main10
  L_main11
  L_main12
  L_main13
  L_main14
  L_main15
  L_main16
  L_main17
  L_main18
  L_main19
  L_main20
  L_main21
  L_main22
  L_main23
  L_main24
  L_main25
  L_DelayMs26
  L_DelayMs27
  L_INT0_Interrupt28
  L_INT1_Interrupt29
  _out_str
  _main
  L__main30
  L__main31
  L__main32
  L__main33
  _DelayMs
  L__DelayMs34
  _Timer1InterruptHandler
  _INT0_Interrupt
  _INT1_Interrupt
